[23:16:12 INF] [16.0.5] Azure DevOps Migration Tools [Object Model]  
[23:16:12 INF] [16.0.5] 16.0.5 
[23:16:12 INF] [16.0.5] naked Agility with Martin Hinshelwood  
[23:16:12 INF] [16.0.5] =============================================================================== 
[23:16:12 INF] [16.0.5] -------------------------------------- 
[23:16:12 INF] [16.0.5] Telemetry Note: 
[23:16:12 INF] [16.0.5]    We use Application Insights to collect usage and error information in order to improve the quality of the tools. 
[23:16:12 INF] [16.0.5]    Currently we collect the following anonymous data: 
[23:16:12 INF] [16.0.5]      -Event data: application version, client city/country, hosting type, item count, error count, warning count, elapsed time. 
[23:16:12 INF] [16.0.5]      -Exceptions: application errors and warnings. 
[23:16:12 INF] [16.0.5]      -Dependencies: REST/ObjectModel calls to Azure DevOps to help us understand performance issues. 
[23:16:12 INF] [16.0.5]    This data is tied to a session ID that is generated on each run of the application and shown in the logs. This can help with debugging. If you want to disable telemetry you can run the tool with '--disableTelemetry' on the command prompt. 
[23:16:12 INF] [16.0.5]    Note: Exception data cannot be 100% guaranteed to not leak production data 
[23:16:12 INF] [16.0.5] -------------------------------------- 
[23:16:12 INF] [16.0.5] Start Time: "2024-11-03T23:16:12.7926740+05:30" 
[23:16:12 INF] [16.0.5] Running with settings: {"ConfigFile":"workitem_configuration-upgraded.json","DisableTelemetry":false,"DebugTrace":false,"skipVersionCheck":false,"$type":"ExecuteMigrationCommandSettings"} 
[23:16:12 INF] [16.0.5] OSVersion: Microsoft Windows NT 6.2.9200.0 
[23:16:12 INF] [16.0.5] Version (Assembly): 16.0.5 
[23:16:12 INF] [16.0.5] Logpath: C:\Users\romy\Desktop\AzureDevOpsServer2020_To_Services\MigrationTools-16.0.5\logs\20241103231612 
[23:16:12 DBG] [16.0.5] DetectOnlineService::IsOnline 
[23:16:12 DBG] [16.0.5]      IsPackageManagerInstalled: false 
[23:16:12 DBG] [16.0.5]      IsPackageInstalled: false 
[23:16:12 DBG] [16.0.5]      IsUpdateAvailable: false 
[23:16:12 DBG] [16.0.5]      IsNewLocalVersionAvailable: false 
[23:16:12 DBG] [16.0.5]      IsRunningInDebug: false 
[23:16:12 INF] [16.0.5] Verion Info: 
[23:16:12 INF] [16.0.5]      Running: 16.0.5.0 
[23:16:12 INF] [16.0.5]      Installed: 0.0.0 
[23:16:12 INF] [16.0.5]      Available: 0.0.0 
[23:16:12 WRN] [16.0.5] Windows Client: The Windows Package Manager is not installed, we use it to determine if you have the latest version, and to make sure that this application is up to date. You can download and install it from https://aka.ms/getwinget. After which you can call `winget install nkdAgility.AzureDevOpsMigrationTools` from the Windows Terminal to get a manged version of this program. 
[23:16:12 WRN] [16.0.5] Windows Server: If you are running on Windows Server you can use the experimental version of Winget, or you can still use Chocolatey to manage the install. Install chocolatey from https://chocolatey.org/install and then use `choco install vsts-sync-migrator` to install, and `choco upgrade vsts-sync-migrator` to upgrade to newer versions. 
[23:16:12 DBG] [16.0.5] =================================== 
[23:16:12 DBG] [16.0.5] Configuring 'MigrationTools:Processors:0:Enrichers' 
[23:16:12 DBG] [16.0.5] =================================== 
[23:16:12 INF] [16.0.5] Creating Migration Engine 11d452a6-37f4-49cf-a75b-f900986dcbea 
[23:16:12 INF] [16.0.5] ProcessorContainer: Of 1 configured Processors only 1 are enabled 
[23:16:12 INF] [16.0.5] ProcessorContainer: Adding Processor TfsWorkItemMigrationProcessor 
[23:16:12 DBG] [16.0.5] Constructor found: IOptions`1, TfsCommonTools, ProcessorEnricherContainer, IServiceProvider, ITelemetryLogger, ILogger`1 
[23:16:12 DBG] [16.0.5] Attempting to pass parameters: OptionsWrapper`1 
[23:16:12 DBG] [16.0.5] =================================== 
[23:16:12 DBG] [16.0.5] Configuring 'MigrationTools:CommonTools:FieldMappingTool:FieldMaps' 
[23:16:12 DBG] [16.0.5] Configuring '0' as 'IFieldMapOptions' from 'MigrationTools:CommonTools:FieldMappingTool:FieldMaps' 
[23:16:12 DBG] [16.0.5] Configuring '1' as 'IFieldMapOptions' from 'MigrationTools:CommonTools:FieldMappingTool:FieldMaps' 
[23:16:12 DBG] [16.0.5] =================================== 
[23:16:12 INF] [16.0.5] FieldMappingTool: Adding FieldMap FieldToFieldMap for * 
[23:16:12 INF] [16.0.5] FieldMappingTool: Adding FieldMap FieldToFieldMap for * 
[23:16:12 INF] [16.0.5] Logging has been configured and is set to: unknown.  
[23:16:12 INF] [16.0.5]                               Max Logfile: Verbose.  
[23:16:12 INF] [16.0.5]                               Max Console: Debug.  
[23:16:12 INF] [16.0.5]                  Max Application Insights: Error.  
[23:16:12 INF] [16.0.5] The Max log levels above show where to go look for extra info. e.g. Even if you set the log level to Verbose you will only see that info in the Log File, however everything up to Debug will be in the Console. 
[23:16:12 INF] [16.0.5] Beginning run of 1 processors 
[23:16:12 INF] [16.0.5] Processor: TfsWorkItemMigrationProcessor 
[23:16:12 INF] [16.0.5] Migration Context Start: TfsWorkItemMigrationProcessor  
[23:16:12 DBG] [16.0.5] WorkItemMigrationContext::InternalExecute  
[23:16:13 INF] [16.0.5] Migrating all Nodes before the Processor run. 
[23:16:13 DBG] [16.0.5] TfsMigrationClient::GetDependantTfsCollection:AuthenticationMode(AccessToken) 
[23:16:13 INF] [16.0.5] Connecting with AccessToken  
[23:16:13 DBG] [16.0.5] MigrationClient: Connecting to "https://devopspoc/TestCollection"  
[23:16:14 INF] [16.0.5] Access granted to "https://devopspoc/TestCollection" for lexcon (devopsPOC\lexcon) 
[23:16:15 DBG] [16.0.5] TfsMigrationClient::GetDependantTfsCollection:AuthenticationMode(AccessToken) 
[23:16:15 INF] [16.0.5] Connecting with AccessToken  
[23:16:15 DBG] [16.0.5] MigrationClient: Connecting to "https://dev.azure.com/AdoMigrateorg"  
[23:16:15 INF] [16.0.5] Access granted to "https://dev.azure.com/AdoMigrateorg" for romyngorg (romyngorg@outlook.com) 
[23:16:15 DBG] [16.0.5] NodeStructureEnricher.MigrateAllNodeStructures(@MigrationTools.Tools.NodeOptions, @MigrationTools.Tools.NodeOptions) 
[23:16:15 DBG] [16.0.5] NodeStructureEnricher.ProcessCommonStructure(Area, Area) 
[23:16:15 DBG] [16.0.5] Source Node Path StartsWith [\devserver\area] 
[23:16:16 DBG] [16.0.5] NodeStructureEnricher.GetNewNodeName(devserver\nyby-Team, Area) 
[23:16:16 DBG] [16.0.5] NodeStructureEnricher.GetNewNodeName::Mappers 
[23:16:16 DBG] [16.0.5] TfsNodeStructureTool:GetOrCreateNode(\change\Area\nyby-Team, null, null) 
[23:16:16 INF] [16.0.5]  Processing Node: \change\Area\nyby-Team, start date: null, finish date: null 
[23:16:16 DBG] [16.0.5]   Node \change\Area\nyby-Team already exists 
[23:16:16 DBG] [16.0.5] NodeStructureEnricher.ProcessCommonStructure(Iteration, Iteration) 
[23:16:16 DBG] [16.0.5] Source Node Path StartsWith [\devserver\iteration] 
[23:16:16 DBG] [16.0.5] NodeStructureEnricher.GetNewNodeName(devserver\Sprint 1, Iteration) 
[23:16:16 DBG] [16.0.5] NodeStructureEnricher.GetNewNodeName::Mappers 
[23:16:16 DBG] [16.0.5] TfsNodeStructureTool:GetOrCreateNode(\change\Iteration\Sprint 1, null, null) 
[23:16:16 INF] [16.0.5]  Processing Node: \change\Iteration\Sprint 1, start date: null, finish date: null 
[23:16:16 DBG] [16.0.5]   Node \change\Iteration\Sprint 1 already exists 
[23:16:16 DBG] [16.0.5] TfsWorkItemMigrationClient::GetWorkItemStore("https://dev.azure.com/AdoMigrateorg", "BypassRules") 
[23:16:16 INF] [16.0.5] Work Item Store connected to "https://dev.azure.com/AdoMigrateorg" with BypassRules set to true 
[23:16:17 WRN] [16.0.5] WorkItemMigrationContext::InternalExecute: teamSettingsEnricher is disabled! 
[23:16:17 INF] [16.0.5] Querying items to be migrated: SELECT [System.Id] FROM WorkItems WHERE [System.TeamProject] = @TeamProject ORDER BY [System.ChangedDate] desc ... 
[23:16:17 DBG] [16.0.5] WorkItemQuery: ===========GetWorkItems============= 
[23:16:17 DBG] [16.0.5] TfsWorkItemMigrationClient::GetWorkItemStore("https://devopspoc/TestCollection", "BypassRules") 
[23:16:18 INF] [16.0.5] Work Item Store connected to "https://devopspoc/TestCollection" with BypassRules set to true 
[23:16:18 DBG] [16.0.5] WorkItemQuery: TeamProjectCollection: https://devopspoc/TestCollection 
[23:16:18 DBG] [16.0.5] WorkItemQuery: Query: SELECT [System.Id] FROM WorkItems WHERE [System.TeamProject] = 'devserver' ORDER BY [System.ChangedDate] desc 
[23:16:18 DBG] [16.0.5] WorkItemQuery: Parameters: {"TeamProject":"devserver","ReflectedWorkItemIdField":"Custom.ReflectedWorkItemId"} 
[23:16:18 DBG] [16.0.5] WorkItemQuery: TeamProject: devserver 
[23:16:18 DBG] [16.0.5] WorkItemQuery: ReflectedWorkItemIdField: Custom.ReflectedWorkItemId 
[23:16:18 DBG] [16.0.5] Query sent 
[23:16:18 INF] [16.0.5] 10 Work items received, verifying 
[23:16:19 INF] [16.0.5] Loading 10 Work Items 
[23:16:45 DBG] [16.0.5] 10 Work Items loaded 
[23:16:45 INF] [16.0.5] Replay all revisions of 10 work items? 
[23:16:45 INF] [16.0.5] Validating::Check all Target Work Items have the RefectedWorkItemId field 
[23:16:45 DBG] [16.0.5] ValidatingRequiredField: Issue contains Custom.ReflectedWorkItemId 
[23:16:45 DBG] [16.0.5] ValidatingRequiredField: Epic contains Custom.ReflectedWorkItemId 
[23:16:45 DBG] [16.0.5] ValidatingRequiredField: Test Case contains Custom.ReflectedWorkItemId 
[23:16:45 DBG] [16.0.5] ValidatingRequiredField: Task contains Custom.ReflectedWorkItemId 
[23:16:45 INF] [16.0.5] Validating::Check that all work item types needed in the Target exist or are mapped 
[23:16:45 DBG] [16.0.5] Validating::WorkItemTypes::sourceWorkItemTypes: 4 WorkItemTypes in the full source history Issue,Epic,Test Case,Task 
[23:16:45 DBG] [16.0.5] Validating::WorkItemTypes::targetWorkItemTypes::12 WorkItemTypes in Target process: Issue,Epic,Task,Test Case,Test Plan,Test Suite,Shared Steps,Shared Parameter,Code Review Request,Code Review Response,Feedback Request,Feedback Response 
[23:16:45 INF] [16.0.5] Validating::Check that all Area & Iteration paths from Source have a valid mapping on Target 
[23:16:45 DBG] [16.0.5] TfsNodeStructureTool:CheckForMissingPaths 
[23:16:45 DBG] [16.0.5] TfsNodeStructureTool:CheckForMissingPaths::AreaNodes::1 
[23:16:45 DBG] [16.0.5] TfsNodeStructureTool:CheckForMissingPaths:Checking::null 
[23:16:45 DBG] [16.0.5] NodeStructureEnricher.GetNewNodeName(devserver, Area) 
[23:16:45 DBG] [16.0.5] NodeStructureEnricher.GetNewNodeName::Mappers 
[23:16:45 DBG] [16.0.5] TfsNodeStructureTool:CheckForMissingPaths:CheckTarget::\change\Area 
[23:16:45 DBG] [16.0.5] TfsNodeStructureTool:CheckForMissingPaths 
[23:16:45 DBG] [16.0.5] TfsNodeStructureTool:CheckForMissingPaths::IterationNodes::2 
[23:16:45 DBG] [16.0.5] TfsNodeStructureTool:CheckForMissingPaths:Checking::null 
[23:16:45 DBG] [16.0.5] NodeStructureEnricher.GetNewNodeName(devserver, Iteration) 
[23:16:45 DBG] [16.0.5] NodeStructureEnricher.GetNewNodeName::Mappers 
[23:16:45 DBG] [16.0.5] TfsNodeStructureTool:PopulateIterationDatesFronSource:\devserver\Iteration 
[23:16:45 DBG] [16.0.5] TfsNodeStructureTool:CheckForMissingPaths:CheckTarget::\change\Iteration 
[23:16:45 DBG] [16.0.5] TfsNodeStructureTool:CheckForMissingPaths:Checking::null 
[23:16:45 DBG] [16.0.5] NodeStructureEnricher.GetNewNodeName(devserver\Sprint 1, Iteration) 
[23:16:45 DBG] [16.0.5] NodeStructureEnricher.GetNewNodeName::Mappers 
[23:16:45 DBG] [16.0.5] TfsNodeStructureTool:PopulateIterationDatesFronSource:\devserver\Iteration\Sprint 1 
[23:16:46 DBG] [16.0.5] TfsNodeStructureTool:CheckForMissingPaths:CheckTarget::\change\Iteration\Sprint 1 
[23:16:46 INF] [16.0.5] Validating::Check that all users in the source exist in the target or are mapped! 
[23:16:46 WRN] [16.0.5] TfsUserMappingTool is disabled in settings. You may have users in the source that are not mapped to the target.  
[23:16:46 INF] [16.0.5] Found target project as change 
[23:16:46 DBG] [16.0.5] ###################################################################################### 
[23:16:46 DBG] [16.0.5] ProcessWorkItem: 1 
[23:16:46 DBG] [16.0.5] ###################################################################################### 
[23:16:46 DBG] [16.0.5] WorkItemQuery: ===========GetWorkItems============= 
[23:16:46 DBG] [16.0.5] WorkItemQuery: TeamProjectCollection: https://dev.azure.com/AdoMigrateorg 
[23:16:46 DBG] [16.0.5] WorkItemQuery: Query: SELECT [System.Id] FROM WorkItems WHERE [System.TeamProject]='change' AND [Custom.ReflectedWorkItemId] = 'https://devopspoc/TestCollection/devserver/_workitems/edit/1' 
[23:16:46 DBG] [16.0.5] WorkItemQuery: Parameters: {"TeamProject":"change","idToFind":"https://devopspoc/TestCollection/devserver/_workitems/edit/1"} 
[23:16:46 DBG] [16.0.5] WorkItemQuery: TeamProject: change 
[23:16:46 DBG] [16.0.5] WorkItemQuery: idToFind: https://devopspoc/TestCollection/devserver/_workitems/edit/1 
[23:16:46 DBG] [16.0.5] Query sent 
[23:16:46 INF] [16.0.5] 1 Work items received, verifying 
[23:16:46 INF] [16.0.5] Loading 1 Work Items 
[23:16:48 DBG] [16.0.5] 1 Work Items loaded 
[23:16:48 DBG] [16.0.5] GetReflectedWorkItemId: START 
[23:16:48 DBG] [16.0.5] GetReflectedWorkItemId: END - Has ReflectedWorkItemIdField and has value 
[23:16:48 INF] [16.0.5] [               Issue][Complete:     1/10][sid:     1|Rev:  6][tid:  null | Work Item has 6 revisions and revision migration is set to true 
[23:16:48 DBG] [16.0.5] TfsRevisionManagerTool::EnforceDatesMustBeIncreasing 
[23:16:48 INF] [16.0.5] Source: Found 6 revisions to migrate on  Work item:Source 
[23:16:48 DBG] [16.0.5] Source: RevisionsToMigrate:---------------------------------------------------- 
[23:16:48 DBG] [16.0.5] RevisionsToMigrate: Index:0 - Number:1 - ChangedDate:"2024-05-16T15:25:32.5100000+05:30" 
[23:16:48 DBG] [16.0.5] RevisionsToMigrate: Index:1 - Number:2 - ChangedDate:"2024-05-16T15:31:22.0600000+05:30" 
[23:16:48 DBG] [16.0.5] RevisionsToMigrate: Index:2 - Number:3 - ChangedDate:"2024-05-23T23:32:44.8400000+05:30" 
[23:16:48 DBG] [16.0.5] RevisionsToMigrate: Index:3 - Number:4 - ChangedDate:"2024-05-23T23:33:04.8900000+05:30" 
[23:16:48 DBG] [16.0.5] RevisionsToMigrate: Index:4 - Number:5 - ChangedDate:"2024-10-22T20:37:13.5730000+05:30" 
[23:16:48 DBG] [16.0.5] RevisionsToMigrate: Index:5 - Number:6 - ChangedDate:"2024-10-22T20:38:07.9600000+05:30" 
[23:16:48 DBG] [16.0.5] Source: RevisionsToMigrate:---------------------------------------------------- 
[23:16:48 INF] [16.0.5] Target: Found 7 revisions to migrate on  Work item:Target 
[23:16:48 DBG] [16.0.5] Target: RevisionsToMigrate:---------------------------------------------------- 
[23:16:48 DBG] [16.0.5] RevisionsToMigrate: Index:0 - Number:1 - ChangedDate:"2024-05-16T15:25:32.5100000+05:30" 
[23:16:48 DBG] [16.0.5] RevisionsToMigrate: Index:1 - Number:2 - ChangedDate:"2024-05-16T15:31:22.0600000+05:30" 
[23:16:48 DBG] [16.0.5] RevisionsToMigrate: Index:2 - Number:3 - ChangedDate:"2024-05-23T23:32:44.8400000+05:30" 
[23:16:48 DBG] [16.0.5] RevisionsToMigrate: Index:3 - Number:4 - ChangedDate:"2024-05-23T23:33:04.8900000+05:30" 
[23:16:48 DBG] [16.0.5] RevisionsToMigrate: Index:4 - Number:5 - ChangedDate:"2024-10-22T20:37:13.5730000+05:30" 
[23:16:48 DBG] [16.0.5] RevisionsToMigrate: Index:5 - Number:6 - ChangedDate:"2024-10-22T20:38:07.9600000+05:30" 
[23:16:48 DBG] [16.0.5] RevisionsToMigrate: Index:6 - Number:7 - ChangedDate:"2024-11-03T23:07:06.2600000+05:30" 
[23:16:48 DBG] [16.0.5] Target: RevisionsToMigrate:---------------------------------------------------- 
[23:16:48 DBG] [16.0.5] TfsRevisionManagerTool::GetRevisionsToMigrate: Raw Source Has 6 revisions 
[23:16:48 DBG] [16.0.5] TfsRevisionManagerTool::GetRevisionsToMigrate::RemoveRevisionsAlreadyOnTarget Raw Target Has 7 revisions 
[23:16:48 DBG] [16.0.5] TfsRevisionManagerTool::GetRevisionsToMigrate::RemoveRevisionsAlreadyOnTarget After removing Date Matches there are 0 left 
[23:16:48 DBG] [16.0.5] TfsRevisionManagerTool::GetRevisionsToMigrate::RemoveRevisionsAlreadyOnTarget After removing revisions before target latest date "2024-11-03T23:07:06.2600000+05:30" there are 0 left 
[23:16:48 INF] [16.0.5] Source: Found 0 revisions to migrate on  Work item:Source 
[23:16:48 DBG] [16.0.5] Source: RevisionsToMigrate:---------------------------------------------------- 
[23:16:48 DBG] [16.0.5] Source: RevisionsToMigrate:---------------------------------------------------- 
[23:16:48 INF] [16.0.5] [               Issue][Complete:     1/10][sid:     1|Rev:  6][tid:  null | Skipping as work item exists and no revisions to sync detected 
[23:16:48 INF] [16.0.5] [               Issue][Complete:     1/10][sid:     1|Rev:  6][tid:  null | Average time of 10.000 per work item and 0 hours 1 minutes 40.000 seconds estimated to completion 
[23:16:48 DBG] [16.0.5] ###################################################################################### 
[23:16:48 DBG] [16.0.5] ProcessWorkItem: 8 
[23:16:48 DBG] [16.0.5] ###################################################################################### 
[23:16:48 DBG] [16.0.5] WorkItemQuery: ===========GetWorkItems============= 
[23:16:48 DBG] [16.0.5] WorkItemQuery: TeamProjectCollection: https://dev.azure.com/AdoMigrateorg 
[23:16:48 DBG] [16.0.5] WorkItemQuery: Query: SELECT [System.Id] FROM WorkItems WHERE [System.TeamProject]='change' AND [Custom.ReflectedWorkItemId] = 'https://devopspoc/TestCollection/devserver/_workitems/edit/8' 
[23:16:48 DBG] [16.0.5] WorkItemQuery: Parameters: {"TeamProject":"change","idToFind":"https://devopspoc/TestCollection/devserver/_workitems/edit/8"} 
[23:16:48 DBG] [16.0.5] WorkItemQuery: TeamProject: change 
[23:16:48 DBG] [16.0.5] WorkItemQuery: idToFind: https://devopspoc/TestCollection/devserver/_workitems/edit/8 
[23:16:48 DBG] [16.0.5] Query sent 
[23:16:48 INF] [16.0.5] 1 Work items received, verifying 
[23:16:48 INF] [16.0.5] Loading 1 Work Items 
[23:16:50 DBG] [16.0.5] 1 Work Items loaded 
[23:16:50 DBG] [16.0.5] GetReflectedWorkItemId: START 
[23:16:50 DBG] [16.0.5] GetReflectedWorkItemId: END - Has ReflectedWorkItemIdField and has value 
[23:16:50 INF] [16.0.5] [                Epic][Complete:     2/10][sid:     8|Rev:  9][tid:  null | Work Item has 9 revisions and revision migration is set to true 
[23:16:50 DBG] [16.0.5] TfsRevisionManagerTool::EnforceDatesMustBeIncreasing 
[23:16:50 INF] [16.0.5] Source: Found 9 revisions to migrate on  Work item:Source 
[23:16:50 DBG] [16.0.5] Source: RevisionsToMigrate:---------------------------------------------------- 
[23:16:50 DBG] [16.0.5] RevisionsToMigrate: Index:0 - Number:1 - ChangedDate:"2024-05-16T15:30:36.9600000+05:30" 
[23:16:50 DBG] [16.0.5] RevisionsToMigrate: Index:1 - Number:2 - ChangedDate:"2024-05-23T22:37:40.5030000+05:30" 
[23:16:50 DBG] [16.0.5] RevisionsToMigrate: Index:2 - Number:3 - ChangedDate:"2024-05-23T22:37:51.4330000+05:30" 
[23:16:50 DBG] [16.0.5] RevisionsToMigrate: Index:3 - Number:4 - ChangedDate:"2024-05-23T22:39:11.8600000+05:30" 
[23:16:50 DBG] [16.0.5] RevisionsToMigrate: Index:4 - Number:5 - ChangedDate:"2024-05-24T00:30:51.7630000+05:30" 
[23:16:50 DBG] [16.0.5] RevisionsToMigrate: Index:5 - Number:6 - ChangedDate:"2024-05-24T00:31:13.3300000+05:30" 
[23:16:50 DBG] [16.0.5] RevisionsToMigrate: Index:6 - Number:7 - ChangedDate:"2024-05-24T00:31:58.5970000+05:30" 
[23:16:50 DBG] [16.0.5] RevisionsToMigrate: Index:7 - Number:8 - ChangedDate:"2024-10-22T20:37:20.8500000+05:30" 
[23:16:50 DBG] [16.0.5] RevisionsToMigrate: Index:8 - Number:9 - ChangedDate:"2024-10-22T20:38:04.0700000+05:30" 
[23:16:50 DBG] [16.0.5] Source: RevisionsToMigrate:---------------------------------------------------- 
[23:16:50 INF] [16.0.5] Target: Found 10 revisions to migrate on  Work item:Target 
[23:16:50 DBG] [16.0.5] Target: RevisionsToMigrate:---------------------------------------------------- 
[23:16:50 DBG] [16.0.5] RevisionsToMigrate: Index:0 - Number:1 - ChangedDate:"2024-05-16T15:30:36.9600000+05:30" 
[23:16:50 DBG] [16.0.5] RevisionsToMigrate: Index:1 - Number:2 - ChangedDate:"2024-05-23T22:37:40.5030000+05:30" 
[23:16:50 DBG] [16.0.5] RevisionsToMigrate: Index:2 - Number:3 - ChangedDate:"2024-05-23T22:37:51.4330000+05:30" 
[23:16:50 DBG] [16.0.5] RevisionsToMigrate: Index:3 - Number:4 - ChangedDate:"2024-05-23T22:39:11.8600000+05:30" 
[23:16:50 DBG] [16.0.5] RevisionsToMigrate: Index:4 - Number:5 - ChangedDate:"2024-05-24T00:30:51.7630000+05:30" 
[23:16:50 DBG] [16.0.5] RevisionsToMigrate: Index:5 - Number:6 - ChangedDate:"2024-05-24T00:31:13.3300000+05:30" 
[23:16:50 DBG] [16.0.5] RevisionsToMigrate: Index:6 - Number:7 - ChangedDate:"2024-05-24T00:31:58.5970000+05:30" 
[23:16:50 DBG] [16.0.5] RevisionsToMigrate: Index:7 - Number:8 - ChangedDate:"2024-10-22T20:37:20.8500000+05:30" 
[23:16:50 DBG] [16.0.5] RevisionsToMigrate: Index:8 - Number:9 - ChangedDate:"2024-10-22T20:38:04.0700000+05:30" 
[23:16:50 DBG] [16.0.5] RevisionsToMigrate: Index:9 - Number:10 - ChangedDate:"2024-11-03T23:07:11.8300000+05:30" 
[23:16:50 DBG] [16.0.5] Target: RevisionsToMigrate:---------------------------------------------------- 
[23:16:50 DBG] [16.0.5] TfsRevisionManagerTool::GetRevisionsToMigrate: Raw Source Has 9 revisions 
[23:16:50 DBG] [16.0.5] TfsRevisionManagerTool::GetRevisionsToMigrate::RemoveRevisionsAlreadyOnTarget Raw Target Has 10 revisions 
[23:16:50 DBG] [16.0.5] TfsRevisionManagerTool::GetRevisionsToMigrate::RemoveRevisionsAlreadyOnTarget After removing Date Matches there are 0 left 
[23:16:50 DBG] [16.0.5] TfsRevisionManagerTool::GetRevisionsToMigrate::RemoveRevisionsAlreadyOnTarget After removing revisions before target latest date "2024-11-03T23:07:11.8300000+05:30" there are 0 left 
[23:16:50 INF] [16.0.5] Source: Found 0 revisions to migrate on  Work item:Source 
[23:16:50 DBG] [16.0.5] Source: RevisionsToMigrate:---------------------------------------------------- 
[23:16:50 DBG] [16.0.5] Source: RevisionsToMigrate:---------------------------------------------------- 
[23:16:50 INF] [16.0.5] [                Epic][Complete:     2/10][sid:     8|Rev:  9][tid:  null | Skipping as work item exists and no revisions to sync detected 
[23:16:50 INF] [16.0.5] [                Epic][Complete:     2/10][sid:     8|Rev:  9][tid:  null | Average time of 5.000 per work item and 0 hours 0 minutes 45.000 seconds estimated to completion 
[23:16:50 DBG] [16.0.5] ###################################################################################### 
[23:16:50 DBG] [16.0.5] ProcessWorkItem: 16 
[23:16:50 DBG] [16.0.5] ###################################################################################### 
[23:16:50 DBG] [16.0.5] WorkItemQuery: ===========GetWorkItems============= 
[23:16:50 DBG] [16.0.5] WorkItemQuery: TeamProjectCollection: https://dev.azure.com/AdoMigrateorg 
[23:16:50 DBG] [16.0.5] WorkItemQuery: Query: SELECT [System.Id] FROM WorkItems WHERE [System.TeamProject]='change' AND [Custom.ReflectedWorkItemId] = 'https://devopspoc/TestCollection/devserver/_workitems/edit/16' 
[23:16:50 DBG] [16.0.5] WorkItemQuery: Parameters: {"TeamProject":"change","idToFind":"https://devopspoc/TestCollection/devserver/_workitems/edit/16"} 
[23:16:50 DBG] [16.0.5] WorkItemQuery: TeamProject: change 
[23:16:50 DBG] [16.0.5] WorkItemQuery: idToFind: https://devopspoc/TestCollection/devserver/_workitems/edit/16 
[23:16:50 DBG] [16.0.5] Query sent 
[23:16:50 INF] [16.0.5] 1 Work items received, verifying 
[23:16:50 INF] [16.0.5] Loading 1 Work Items 
[23:16:52 DBG] [16.0.5] 1 Work Items loaded 
[23:16:52 DBG] [16.0.5] GetReflectedWorkItemId: START 
[23:16:52 DBG] [16.0.5] GetReflectedWorkItemId: END - Has ReflectedWorkItemIdField and has value 
[23:16:52 INF] [16.0.5] [               Issue][Complete:     3/10][sid:    16|Rev:  4][tid:  null | Work Item has 4 revisions and revision migration is set to true 
[23:16:52 DBG] [16.0.5] TfsRevisionManagerTool::EnforceDatesMustBeIncreasing 
[23:16:52 INF] [16.0.5] Source: Found 4 revisions to migrate on  Work item:Source 
[23:16:52 DBG] [16.0.5] Source: RevisionsToMigrate:---------------------------------------------------- 
[23:16:52 DBG] [16.0.5] RevisionsToMigrate: Index:0 - Number:1 - ChangedDate:"2024-05-29T10:16:56.9730000+05:30" 
[23:16:52 DBG] [16.0.5] RevisionsToMigrate: Index:1 - Number:2 - ChangedDate:"2024-06-03T05:27:27.0470000+05:30" 
[23:16:52 DBG] [16.0.5] RevisionsToMigrate: Index:2 - Number:3 - ChangedDate:"2024-10-22T20:37:26.5370000+05:30" 
[23:16:52 DBG] [16.0.5] RevisionsToMigrate: Index:3 - Number:4 - ChangedDate:"2024-10-22T20:37:59.8800000+05:30" 
[23:16:52 DBG] [16.0.5] Source: RevisionsToMigrate:---------------------------------------------------- 
[23:16:52 INF] [16.0.5] Target: Found 5 revisions to migrate on  Work item:Target 
[23:16:52 DBG] [16.0.5] Target: RevisionsToMigrate:---------------------------------------------------- 
[23:16:52 DBG] [16.0.5] RevisionsToMigrate: Index:0 - Number:1 - ChangedDate:"2024-05-29T10:16:56.9730000+05:30" 
[23:16:52 DBG] [16.0.5] RevisionsToMigrate: Index:1 - Number:2 - ChangedDate:"2024-06-03T05:27:27.0470000+05:30" 
[23:16:52 DBG] [16.0.5] RevisionsToMigrate: Index:2 - Number:3 - ChangedDate:"2024-10-22T20:37:26.5370000+05:30" 
[23:16:52 DBG] [16.0.5] RevisionsToMigrate: Index:3 - Number:4 - ChangedDate:"2024-10-22T20:37:59.8800000+05:30" 
[23:16:52 DBG] [16.0.5] RevisionsToMigrate: Index:4 - Number:5 - ChangedDate:"2024-11-03T23:07:16.0630000+05:30" 
[23:16:52 DBG] [16.0.5] Target: RevisionsToMigrate:---------------------------------------------------- 
[23:16:52 DBG] [16.0.5] TfsRevisionManagerTool::GetRevisionsToMigrate: Raw Source Has 4 revisions 
[23:16:52 DBG] [16.0.5] TfsRevisionManagerTool::GetRevisionsToMigrate::RemoveRevisionsAlreadyOnTarget Raw Target Has 5 revisions 
[23:16:52 DBG] [16.0.5] TfsRevisionManagerTool::GetRevisionsToMigrate::RemoveRevisionsAlreadyOnTarget After removing Date Matches there are 0 left 
[23:16:52 DBG] [16.0.5] TfsRevisionManagerTool::GetRevisionsToMigrate::RemoveRevisionsAlreadyOnTarget After removing revisions before target latest date "2024-11-03T23:07:16.0630000+05:30" there are 0 left 
[23:16:52 INF] [16.0.5] Source: Found 0 revisions to migrate on  Work item:Source 
[23:16:52 DBG] [16.0.5] Source: RevisionsToMigrate:---------------------------------------------------- 
[23:16:52 DBG] [16.0.5] Source: RevisionsToMigrate:---------------------------------------------------- 
[23:16:52 INF] [16.0.5] [               Issue][Complete:     3/10][sid:    16|Rev:  4][tid:  null | Links 2 | LinkMigrator:true 
[23:16:52 INF] [16.0.5] [SKIP] Source and Target have same number of links  16 - Issue 
[23:16:52 INF] [16.0.5] GitRepositoryEnricher: Enriching 154 To fix Git Repo Links 
[23:16:54 INF] [16.0.5] [               Issue][Complete:     3/10][sid:    16|Rev:  4][tid:  null | Skipping as work item exists and no revisions to sync detected 
[23:16:54 INF] [16.0.5] [               Issue][Complete:     3/10][sid:    16|Rev:  4][tid:  null | Average time of 3.333 per work item and 0 hours 0 minutes 26.666 seconds estimated to completion 
[23:16:54 DBG] [16.0.5] ###################################################################################### 
[23:16:54 DBG] [16.0.5] ProcessWorkItem: 17 
[23:16:54 DBG] [16.0.5] ###################################################################################### 
[23:16:54 DBG] [16.0.5] WorkItemQuery: ===========GetWorkItems============= 
[23:16:54 DBG] [16.0.5] WorkItemQuery: TeamProjectCollection: https://dev.azure.com/AdoMigrateorg 
[23:16:54 DBG] [16.0.5] WorkItemQuery: Query: SELECT [System.Id] FROM WorkItems WHERE [System.TeamProject]='change' AND [Custom.ReflectedWorkItemId] = 'https://devopspoc/TestCollection/devserver/_workitems/edit/17' 
[23:16:54 DBG] [16.0.5] WorkItemQuery: Parameters: {"TeamProject":"change","idToFind":"https://devopspoc/TestCollection/devserver/_workitems/edit/17"} 
[23:16:54 DBG] [16.0.5] WorkItemQuery: TeamProject: change 
[23:16:54 DBG] [16.0.5] WorkItemQuery: idToFind: https://devopspoc/TestCollection/devserver/_workitems/edit/17 
[23:16:54 DBG] [16.0.5] Query sent 
[23:16:54 INF] [16.0.5] 1 Work items received, verifying 
[23:16:54 INF] [16.0.5] Loading 1 Work Items 
[23:16:56 DBG] [16.0.5] 1 Work Items loaded 
[23:16:56 DBG] [16.0.5] GetReflectedWorkItemId: START 
[23:16:56 DBG] [16.0.5] GetReflectedWorkItemId: END - Has ReflectedWorkItemIdField and has value 
[23:16:56 INF] [16.0.5] [           Test Case][Complete:     4/10][sid:    17|Rev:  1][tid:  null | Work Item has 1 revisions and revision migration is set to true 
[23:16:56 DBG] [16.0.5] TfsRevisionManagerTool::EnforceDatesMustBeIncreasing 
[23:16:56 INF] [16.0.5] Source: Found 1 revisions to migrate on  Work item:Source 
[23:16:56 DBG] [16.0.5] Source: RevisionsToMigrate:---------------------------------------------------- 
[23:16:56 DBG] [16.0.5] RevisionsToMigrate: Index:0 - Number:1 - ChangedDate:"2024-05-29T10:17:29.1600000+05:30" 
[23:16:56 DBG] [16.0.5] Source: RevisionsToMigrate:---------------------------------------------------- 
[23:16:56 INF] [16.0.5] Target: Found 2 revisions to migrate on  Work item:Target 
[23:16:56 DBG] [16.0.5] Target: RevisionsToMigrate:---------------------------------------------------- 
[23:16:56 DBG] [16.0.5] RevisionsToMigrate: Index:0 - Number:1 - ChangedDate:"2024-05-29T10:17:29.1600000+05:30" 
[23:16:56 DBG] [16.0.5] RevisionsToMigrate: Index:1 - Number:2 - ChangedDate:"2024-11-03T22:25:04.1170000+05:30" 
[23:16:56 DBG] [16.0.5] Target: RevisionsToMigrate:---------------------------------------------------- 
[23:16:56 DBG] [16.0.5] TfsRevisionManagerTool::GetRevisionsToMigrate: Raw Source Has 1 revisions 
[23:16:56 DBG] [16.0.5] TfsRevisionManagerTool::GetRevisionsToMigrate::RemoveRevisionsAlreadyOnTarget Raw Target Has 2 revisions 
[23:16:56 DBG] [16.0.5] TfsRevisionManagerTool::GetRevisionsToMigrate::RemoveRevisionsAlreadyOnTarget After removing Date Matches there are 0 left 
[23:16:56 DBG] [16.0.5] TfsRevisionManagerTool::GetRevisionsToMigrate::RemoveRevisionsAlreadyOnTarget After removing revisions before target latest date "2024-11-03T22:25:04.1170000+05:30" there are 0 left 
[23:16:56 INF] [16.0.5] Source: Found 0 revisions to migrate on  Work item:Source 
[23:16:56 DBG] [16.0.5] Source: RevisionsToMigrate:---------------------------------------------------- 
[23:16:56 DBG] [16.0.5] Source: RevisionsToMigrate:---------------------------------------------------- 
[23:16:56 INF] [16.0.5] [           Test Case][Complete:     4/10][sid:    17|Rev:  1][tid:  null | Links 1 | LinkMigrator:true 
[23:16:56 INF] [16.0.5] [SKIP] Source and Target have same number of links  17 - Test Case 
[23:16:56 INF] [16.0.5] GitRepositoryEnricher: Enriching 135 To fix Git Repo Links 
[23:16:56 INF] [16.0.5] [           Test Case][Complete:     4/10][sid:    17|Rev:  1][tid:  null | Skipping as work item exists and no revisions to sync detected 
[23:16:56 INF] [16.0.5] [           Test Case][Complete:     4/10][sid:    17|Rev:  1][tid:  null | Average time of 2.550 per work item and 0 hours 0 minutes 17.550 seconds estimated to completion 
[23:16:56 DBG] [16.0.5] ###################################################################################### 
[23:16:56 DBG] [16.0.5] ProcessWorkItem: 2 
[23:16:56 DBG] [16.0.5] ###################################################################################### 
[23:16:56 DBG] [16.0.5] WorkItemQuery: ===========GetWorkItems============= 
[23:16:56 DBG] [16.0.5] WorkItemQuery: TeamProjectCollection: https://dev.azure.com/AdoMigrateorg 
[23:16:56 DBG] [16.0.5] WorkItemQuery: Query: SELECT [System.Id] FROM WorkItems WHERE [System.TeamProject]='change' AND [Custom.ReflectedWorkItemId] = 'https://devopspoc/TestCollection/devserver/_workitems/edit/2' 
[23:16:56 DBG] [16.0.5] WorkItemQuery: Parameters: {"TeamProject":"change","idToFind":"https://devopspoc/TestCollection/devserver/_workitems/edit/2"} 
[23:16:56 DBG] [16.0.5] WorkItemQuery: TeamProject: change 
[23:16:56 DBG] [16.0.5] WorkItemQuery: idToFind: https://devopspoc/TestCollection/devserver/_workitems/edit/2 
[23:16:56 DBG] [16.0.5] Query sent 
[23:16:56 INF] [16.0.5] 1 Work items received, verifying 
[23:16:56 INF] [16.0.5] Loading 1 Work Items 
[23:16:57 DBG] [16.0.5] 1 Work Items loaded 
[23:16:57 DBG] [16.0.5] GetReflectedWorkItemId: START 
[23:16:57 DBG] [16.0.5] GetReflectedWorkItemId: END - Has ReflectedWorkItemIdField and has value 
[23:16:57 INF] [16.0.5] [               Issue][Complete:     5/10][sid:     2|Rev:  3][tid:  null | Work Item has 3 revisions and revision migration is set to true 
[23:16:57 DBG] [16.0.5] TfsRevisionManagerTool::EnforceDatesMustBeIncreasing 
[23:16:57 INF] [16.0.5] Source: Found 3 revisions to migrate on  Work item:Source 
[23:16:57 DBG] [16.0.5] Source: RevisionsToMigrate:---------------------------------------------------- 
[23:16:57 DBG] [16.0.5] RevisionsToMigrate: Index:0 - Number:1 - ChangedDate:"2024-05-16T15:26:19.2800000+05:30" 
[23:16:57 DBG] [16.0.5] RevisionsToMigrate: Index:1 - Number:2 - ChangedDate:"2024-05-16T15:31:22.0600000+05:30" 
[23:16:57 DBG] [16.0.5] RevisionsToMigrate: Index:2 - Number:3 - ChangedDate:"2024-05-23T23:30:19.1230000+05:30" 
[23:16:57 DBG] [16.0.5] Source: RevisionsToMigrate:---------------------------------------------------- 
[23:16:57 INF] [16.0.5] Target: Found 4 revisions to migrate on  Work item:Target 
[23:16:57 DBG] [16.0.5] Target: RevisionsToMigrate:---------------------------------------------------- 
[23:16:57 DBG] [16.0.5] RevisionsToMigrate: Index:0 - Number:1 - ChangedDate:"2024-05-16T15:26:19.2800000+05:30" 
[23:16:57 DBG] [16.0.5] RevisionsToMigrate: Index:1 - Number:2 - ChangedDate:"2024-05-16T15:31:22.0600000+05:30" 
[23:16:57 DBG] [16.0.5] RevisionsToMigrate: Index:2 - Number:3 - ChangedDate:"2024-05-23T23:30:19.1230000+05:30" 
[23:16:57 DBG] [16.0.5] RevisionsToMigrate: Index:3 - Number:4 - ChangedDate:"2024-11-03T23:07:19.6330000+05:30" 
[23:16:57 DBG] [16.0.5] Target: RevisionsToMigrate:---------------------------------------------------- 
[23:16:57 DBG] [16.0.5] TfsRevisionManagerTool::GetRevisionsToMigrate: Raw Source Has 3 revisions 
[23:16:57 DBG] [16.0.5] TfsRevisionManagerTool::GetRevisionsToMigrate::RemoveRevisionsAlreadyOnTarget Raw Target Has 4 revisions 
[23:16:57 DBG] [16.0.5] TfsRevisionManagerTool::GetRevisionsToMigrate::RemoveRevisionsAlreadyOnTarget After removing Date Matches there are 0 left 
[23:16:57 DBG] [16.0.5] TfsRevisionManagerTool::GetRevisionsToMigrate::RemoveRevisionsAlreadyOnTarget After removing revisions before target latest date "2024-11-03T23:07:19.6330000+05:30" there are 0 left 
[23:16:57 INF] [16.0.5] Source: Found 0 revisions to migrate on  Work item:Source 
[23:16:57 DBG] [16.0.5] Source: RevisionsToMigrate:---------------------------------------------------- 
[23:16:57 DBG] [16.0.5] Source: RevisionsToMigrate:---------------------------------------------------- 
[23:16:57 INF] [16.0.5] [               Issue][Complete:     5/10][sid:     2|Rev:  3][tid:  null | Links 1 | LinkMigrator:true 
[23:16:57 INF] [16.0.5] [SKIP] Source and Target have same number of links  2 - Issue 
[23:16:57 INF] [16.0.5] GitRepositoryEnricher: Enriching 155 To fix Git Repo Links 
[23:16:57 INF] [16.0.5] [               Issue][Complete:     5/10][sid:     2|Rev:  3][tid:  null | Skipping as work item exists and no revisions to sync detected 
[23:16:57 INF] [16.0.5] [               Issue][Complete:     5/10][sid:     2|Rev:  3][tid:  null | Average time of 2.000 per work item and 0 hours 0 minutes 12.000 seconds estimated to completion 
[23:16:57 DBG] [16.0.5] ###################################################################################### 
[23:16:57 DBG] [16.0.5] ProcessWorkItem: 3 
[23:16:57 DBG] [16.0.5] ###################################################################################### 
[23:16:57 DBG] [16.0.5] WorkItemQuery: ===========GetWorkItems============= 
[23:16:57 DBG] [16.0.5] WorkItemQuery: TeamProjectCollection: https://dev.azure.com/AdoMigrateorg 
[23:16:57 DBG] [16.0.5] WorkItemQuery: Query: SELECT [System.Id] FROM WorkItems WHERE [System.TeamProject]='change' AND [Custom.ReflectedWorkItemId] = 'https://devopspoc/TestCollection/devserver/_workitems/edit/3' 
[23:16:57 DBG] [16.0.5] WorkItemQuery: Parameters: {"TeamProject":"change","idToFind":"https://devopspoc/TestCollection/devserver/_workitems/edit/3"} 
[23:16:57 DBG] [16.0.5] WorkItemQuery: TeamProject: change 
[23:16:57 DBG] [16.0.5] WorkItemQuery: idToFind: https://devopspoc/TestCollection/devserver/_workitems/edit/3 
[23:16:57 DBG] [16.0.5] Query sent 
[23:16:57 INF] [16.0.5] 1 Work items received, verifying 
[23:16:57 INF] [16.0.5] Loading 1 Work Items 
[23:16:59 DBG] [16.0.5] 1 Work Items loaded 
[23:16:59 DBG] [16.0.5] GetReflectedWorkItemId: START 
[23:16:59 DBG] [16.0.5] GetReflectedWorkItemId: END - Has ReflectedWorkItemIdField and has value 
[23:16:59 INF] [16.0.5] [                Task][Complete:     6/10][sid:     3|Rev:  3][tid:  null | Work Item has 3 revisions and revision migration is set to true 
[23:16:59 DBG] [16.0.5] TfsRevisionManagerTool::EnforceDatesMustBeIncreasing 
[23:16:59 INF] [16.0.5] Source: Found 3 revisions to migrate on  Work item:Source 
[23:16:59 DBG] [16.0.5] Source: RevisionsToMigrate:---------------------------------------------------- 
[23:16:59 DBG] [16.0.5] RevisionsToMigrate: Index:0 - Number:1 - ChangedDate:"2024-05-16T15:27:18.2500000+05:30" 
[23:16:59 DBG] [16.0.5] RevisionsToMigrate: Index:1 - Number:2 - ChangedDate:"2024-05-23T23:27:09.3600000+05:30" 
[23:16:59 DBG] [16.0.5] RevisionsToMigrate: Index:2 - Number:3 - ChangedDate:"2024-05-23T23:27:27.9030000+05:30" 
[23:16:59 DBG] [16.0.5] Source: RevisionsToMigrate:---------------------------------------------------- 
[23:16:59 INF] [16.0.5] Target: Found 4 revisions to migrate on  Work item:Target 
[23:16:59 DBG] [16.0.5] Target: RevisionsToMigrate:---------------------------------------------------- 
[23:16:59 DBG] [16.0.5] RevisionsToMigrate: Index:0 - Number:1 - ChangedDate:"2024-05-16T15:27:18.2500000+05:30" 
[23:16:59 DBG] [16.0.5] RevisionsToMigrate: Index:1 - Number:2 - ChangedDate:"2024-05-23T23:27:09.3600000+05:30" 
[23:16:59 DBG] [16.0.5] RevisionsToMigrate: Index:2 - Number:3 - ChangedDate:"2024-05-23T23:27:27.9030000+05:30" 
[23:16:59 DBG] [16.0.5] RevisionsToMigrate: Index:3 - Number:4 - ChangedDate:"2024-11-03T23:07:20.9930000+05:30" 
[23:16:59 DBG] [16.0.5] Target: RevisionsToMigrate:---------------------------------------------------- 
[23:16:59 DBG] [16.0.5] TfsRevisionManagerTool::GetRevisionsToMigrate: Raw Source Has 3 revisions 
[23:16:59 DBG] [16.0.5] TfsRevisionManagerTool::GetRevisionsToMigrate::RemoveRevisionsAlreadyOnTarget Raw Target Has 4 revisions 
[23:16:59 DBG] [16.0.5] TfsRevisionManagerTool::GetRevisionsToMigrate::RemoveRevisionsAlreadyOnTarget After removing Date Matches there are 0 left 
[23:16:59 DBG] [16.0.5] TfsRevisionManagerTool::GetRevisionsToMigrate::RemoveRevisionsAlreadyOnTarget After removing revisions before target latest date "2024-11-03T23:07:20.9930000+05:30" there are 0 left 
[23:16:59 INF] [16.0.5] Source: Found 0 revisions to migrate on  Work item:Source 
[23:16:59 DBG] [16.0.5] Source: RevisionsToMigrate:---------------------------------------------------- 
[23:16:59 DBG] [16.0.5] Source: RevisionsToMigrate:---------------------------------------------------- 
[23:16:59 INF] [16.0.5] [                Task][Complete:     6/10][sid:     3|Rev:  3][tid:  null | Skipping as work item exists and no revisions to sync detected 
[23:16:59 INF] [16.0.5] [                Task][Complete:     6/10][sid:     3|Rev:  3][tid:  null | Average time of 1.666 per work item and 0 hours 0 minutes 8.333 seconds estimated to completion 
[23:16:59 DBG] [16.0.5] ###################################################################################### 
[23:16:59 DBG] [16.0.5] ProcessWorkItem: 4 
[23:16:59 DBG] [16.0.5] ###################################################################################### 
[23:16:59 DBG] [16.0.5] WorkItemQuery: ===========GetWorkItems============= 
[23:16:59 DBG] [16.0.5] WorkItemQuery: TeamProjectCollection: https://dev.azure.com/AdoMigrateorg 
[23:16:59 DBG] [16.0.5] WorkItemQuery: Query: SELECT [System.Id] FROM WorkItems WHERE [System.TeamProject]='change' AND [Custom.ReflectedWorkItemId] = 'https://devopspoc/TestCollection/devserver/_workitems/edit/4' 
[23:16:59 DBG] [16.0.5] WorkItemQuery: Parameters: {"TeamProject":"change","idToFind":"https://devopspoc/TestCollection/devserver/_workitems/edit/4"} 
[23:16:59 DBG] [16.0.5] WorkItemQuery: TeamProject: change 
[23:16:59 DBG] [16.0.5] WorkItemQuery: idToFind: https://devopspoc/TestCollection/devserver/_workitems/edit/4 
[23:16:59 DBG] [16.0.5] Query sent 
[23:16:59 INF] [16.0.5] 1 Work items received, verifying 
[23:16:59 INF] [16.0.5] Loading 1 Work Items 
[23:17:01 DBG] [16.0.5] 1 Work Items loaded 
[23:17:01 DBG] [16.0.5] GetReflectedWorkItemId: START 
[23:17:01 DBG] [16.0.5] GetReflectedWorkItemId: END - Has ReflectedWorkItemIdField and has value 
[23:17:01 INF] [16.0.5] [                Task][Complete:     7/10][sid:     4|Rev:  2][tid:  null | Work Item has 2 revisions and revision migration is set to true 
[23:17:01 DBG] [16.0.5] TfsRevisionManagerTool::EnforceDatesMustBeIncreasing 
[23:17:01 INF] [16.0.5] Source: Found 2 revisions to migrate on  Work item:Source 
[23:17:01 DBG] [16.0.5] Source: RevisionsToMigrate:---------------------------------------------------- 
[23:17:01 DBG] [16.0.5] RevisionsToMigrate: Index:0 - Number:1 - ChangedDate:"2024-05-16T15:27:57.2500000+05:30" 
[23:17:01 DBG] [16.0.5] RevisionsToMigrate: Index:1 - Number:2 - ChangedDate:"2024-05-23T23:26:06.9170000+05:30" 
[23:17:01 DBG] [16.0.5] Source: RevisionsToMigrate:---------------------------------------------------- 
[23:17:01 INF] [16.0.5] Target: Found 3 revisions to migrate on  Work item:Target 
[23:17:01 DBG] [16.0.5] Target: RevisionsToMigrate:---------------------------------------------------- 
[23:17:01 DBG] [16.0.5] RevisionsToMigrate: Index:0 - Number:1 - ChangedDate:"2024-05-16T15:27:57.2500000+05:30" 
[23:17:01 DBG] [16.0.5] RevisionsToMigrate: Index:1 - Number:2 - ChangedDate:"2024-05-23T23:26:06.9170000+05:30" 
[23:17:01 DBG] [16.0.5] RevisionsToMigrate: Index:2 - Number:3 - ChangedDate:"2024-11-03T23:07:21.9170000+05:30" 
[23:17:01 DBG] [16.0.5] Target: RevisionsToMigrate:---------------------------------------------------- 
[23:17:01 DBG] [16.0.5] TfsRevisionManagerTool::GetRevisionsToMigrate: Raw Source Has 2 revisions 
[23:17:01 DBG] [16.0.5] TfsRevisionManagerTool::GetRevisionsToMigrate::RemoveRevisionsAlreadyOnTarget Raw Target Has 3 revisions 
[23:17:01 DBG] [16.0.5] TfsRevisionManagerTool::GetRevisionsToMigrate::RemoveRevisionsAlreadyOnTarget After removing Date Matches there are 0 left 
[23:17:01 DBG] [16.0.5] TfsRevisionManagerTool::GetRevisionsToMigrate::RemoveRevisionsAlreadyOnTarget After removing revisions before target latest date "2024-11-03T23:07:21.9170000+05:30" there are 0 left 
[23:17:01 INF] [16.0.5] Source: Found 0 revisions to migrate on  Work item:Source 
[23:17:01 DBG] [16.0.5] Source: RevisionsToMigrate:---------------------------------------------------- 
[23:17:01 DBG] [16.0.5] Source: RevisionsToMigrate:---------------------------------------------------- 
[23:17:01 INF] [16.0.5] [                Task][Complete:     7/10][sid:     4|Rev:  2][tid:  null | Skipping as work item exists and no revisions to sync detected 
[23:17:01 INF] [16.0.5] [                Task][Complete:     7/10][sid:     4|Rev:  2][tid:  null | Average time of 1.442 per work item and 0 hours 0 minutes 5.771 seconds estimated to completion 
[23:17:01 DBG] [16.0.5] ###################################################################################### 
[23:17:01 DBG] [16.0.5] ProcessWorkItem: 5 
[23:17:01 DBG] [16.0.5] ###################################################################################### 
[23:17:01 DBG] [16.0.5] WorkItemQuery: ===========GetWorkItems============= 
[23:17:01 DBG] [16.0.5] WorkItemQuery: TeamProjectCollection: https://dev.azure.com/AdoMigrateorg 
[23:17:01 DBG] [16.0.5] WorkItemQuery: Query: SELECT [System.Id] FROM WorkItems WHERE [System.TeamProject]='change' AND [Custom.ReflectedWorkItemId] = 'https://devopspoc/TestCollection/devserver/_workitems/edit/5' 
[23:17:01 DBG] [16.0.5] WorkItemQuery: Parameters: {"TeamProject":"change","idToFind":"https://devopspoc/TestCollection/devserver/_workitems/edit/5"} 
[23:17:01 DBG] [16.0.5] WorkItemQuery: TeamProject: change 
[23:17:01 DBG] [16.0.5] WorkItemQuery: idToFind: https://devopspoc/TestCollection/devserver/_workitems/edit/5 
[23:17:01 DBG] [16.0.5] Query sent 
[23:17:01 INF] [16.0.5] 1 Work items received, verifying 
[23:17:01 INF] [16.0.5] Loading 1 Work Items 
[23:17:03 DBG] [16.0.5] 1 Work Items loaded 
[23:17:03 DBG] [16.0.5] GetReflectedWorkItemId: START 
[23:17:03 DBG] [16.0.5] GetReflectedWorkItemId: END - Has ReflectedWorkItemIdField and has value 
[23:17:03 INF] [16.0.5] [                Task][Complete:     8/10][sid:     5|Rev:  2][tid:  null | Work Item has 2 revisions and revision migration is set to true 
[23:17:03 DBG] [16.0.5] TfsRevisionManagerTool::EnforceDatesMustBeIncreasing 
[23:17:03 INF] [16.0.5] Source: Found 2 revisions to migrate on  Work item:Source 
[23:17:03 DBG] [16.0.5] Source: RevisionsToMigrate:---------------------------------------------------- 
[23:17:03 DBG] [16.0.5] RevisionsToMigrate: Index:0 - Number:1 - ChangedDate:"2024-05-16T15:28:27.0830000+05:30" 
[23:17:03 DBG] [16.0.5] RevisionsToMigrate: Index:1 - Number:2 - ChangedDate:"2024-05-23T23:24:42.0530000+05:30" 
[23:17:03 DBG] [16.0.5] Source: RevisionsToMigrate:---------------------------------------------------- 
[23:17:03 INF] [16.0.5] Target: Found 3 revisions to migrate on  Work item:Target 
[23:17:03 DBG] [16.0.5] Target: RevisionsToMigrate:---------------------------------------------------- 
[23:17:03 DBG] [16.0.5] RevisionsToMigrate: Index:0 - Number:1 - ChangedDate:"2024-05-16T15:28:27.0830000+05:30" 
[23:17:03 DBG] [16.0.5] RevisionsToMigrate: Index:1 - Number:2 - ChangedDate:"2024-05-23T23:24:42.0530000+05:30" 
[23:17:03 DBG] [16.0.5] RevisionsToMigrate: Index:2 - Number:3 - ChangedDate:"2024-11-03T23:07:22.8400000+05:30" 
[23:17:03 DBG] [16.0.5] Target: RevisionsToMigrate:---------------------------------------------------- 
[23:17:03 DBG] [16.0.5] TfsRevisionManagerTool::GetRevisionsToMigrate: Raw Source Has 2 revisions 
[23:17:03 DBG] [16.0.5] TfsRevisionManagerTool::GetRevisionsToMigrate::RemoveRevisionsAlreadyOnTarget Raw Target Has 3 revisions 
[23:17:03 DBG] [16.0.5] TfsRevisionManagerTool::GetRevisionsToMigrate::RemoveRevisionsAlreadyOnTarget After removing Date Matches there are 0 left 
[23:17:03 DBG] [16.0.5] TfsRevisionManagerTool::GetRevisionsToMigrate::RemoveRevisionsAlreadyOnTarget After removing revisions before target latest date "2024-11-03T23:07:22.8400000+05:30" there are 0 left 
[23:17:03 INF] [16.0.5] Source: Found 0 revisions to migrate on  Work item:Source 
[23:17:03 DBG] [16.0.5] Source: RevisionsToMigrate:---------------------------------------------------- 
[23:17:03 DBG] [16.0.5] Source: RevisionsToMigrate:---------------------------------------------------- 
[23:17:03 INF] [16.0.5] [                Task][Complete:     8/10][sid:     5|Rev:  2][tid:  null | Skipping as work item exists and no revisions to sync detected 
[23:17:03 INF] [16.0.5] [                Task][Complete:     8/10][sid:     5|Rev:  2][tid:  null | Average time of 1.225 per work item and 0 hours 0 minutes 3.775 seconds estimated to completion 
[23:17:03 DBG] [16.0.5] ###################################################################################### 
[23:17:03 DBG] [16.0.5] ProcessWorkItem: 6 
[23:17:03 DBG] [16.0.5] ###################################################################################### 
[23:17:03 DBG] [16.0.5] WorkItemQuery: ===========GetWorkItems============= 
[23:17:03 DBG] [16.0.5] WorkItemQuery: TeamProjectCollection: https://dev.azure.com/AdoMigrateorg 
[23:17:03 DBG] [16.0.5] WorkItemQuery: Query: SELECT [System.Id] FROM WorkItems WHERE [System.TeamProject]='change' AND [Custom.ReflectedWorkItemId] = 'https://devopspoc/TestCollection/devserver/_workitems/edit/6' 
[23:17:03 DBG] [16.0.5] WorkItemQuery: Parameters: {"TeamProject":"change","idToFind":"https://devopspoc/TestCollection/devserver/_workitems/edit/6"} 
[23:17:03 DBG] [16.0.5] WorkItemQuery: TeamProject: change 
[23:17:03 DBG] [16.0.5] WorkItemQuery: idToFind: https://devopspoc/TestCollection/devserver/_workitems/edit/6 
[23:17:03 DBG] [16.0.5] Query sent 
[23:17:03 INF] [16.0.5] 1 Work items received, verifying 
[23:17:03 INF] [16.0.5] Loading 1 Work Items 
[23:17:04 DBG] [16.0.5] 1 Work Items loaded 
[23:17:04 DBG] [16.0.5] GetReflectedWorkItemId: START 
[23:17:04 DBG] [16.0.5] GetReflectedWorkItemId: END - Has ReflectedWorkItemIdField and has value 
[23:17:04 INF] [16.0.5] [                Epic][Complete:     9/10][sid:     6|Rev:  3][tid:  null | Work Item has 3 revisions and revision migration is set to true 
[23:17:04 DBG] [16.0.5] TfsRevisionManagerTool::EnforceDatesMustBeIncreasing 
[23:17:04 INF] [16.0.5] Source: Found 3 revisions to migrate on  Work item:Source 
[23:17:04 DBG] [16.0.5] Source: RevisionsToMigrate:---------------------------------------------------- 
[23:17:04 DBG] [16.0.5] RevisionsToMigrate: Index:0 - Number:1 - ChangedDate:"2024-05-16T15:28:55.7300000+05:30" 
[23:17:04 DBG] [16.0.5] RevisionsToMigrate: Index:1 - Number:2 - ChangedDate:"2024-05-23T22:46:26.7830000+05:30" 
[23:17:04 DBG] [16.0.5] RevisionsToMigrate: Index:2 - Number:3 - ChangedDate:"2024-05-23T22:46:46.2530000+05:30" 
[23:17:04 DBG] [16.0.5] Source: RevisionsToMigrate:---------------------------------------------------- 
[23:17:04 INF] [16.0.5] Target: Found 4 revisions to migrate on  Work item:Target 
[23:17:04 DBG] [16.0.5] Target: RevisionsToMigrate:---------------------------------------------------- 
[23:17:04 DBG] [16.0.5] RevisionsToMigrate: Index:0 - Number:1 - ChangedDate:"2024-05-16T15:28:55.7300000+05:30" 
[23:17:04 DBG] [16.0.5] RevisionsToMigrate: Index:1 - Number:2 - ChangedDate:"2024-05-23T22:46:26.7830000+05:30" 
[23:17:04 DBG] [16.0.5] RevisionsToMigrate: Index:2 - Number:3 - ChangedDate:"2024-05-23T22:46:46.2530000+05:30" 
[23:17:04 DBG] [16.0.5] RevisionsToMigrate: Index:3 - Number:4 - ChangedDate:"2024-11-03T23:07:27.5570000+05:30" 
[23:17:04 DBG] [16.0.5] Target: RevisionsToMigrate:---------------------------------------------------- 
[23:17:04 DBG] [16.0.5] TfsRevisionManagerTool::GetRevisionsToMigrate: Raw Source Has 3 revisions 
[23:17:04 DBG] [16.0.5] TfsRevisionManagerTool::GetRevisionsToMigrate::RemoveRevisionsAlreadyOnTarget Raw Target Has 4 revisions 
[23:17:04 DBG] [16.0.5] TfsRevisionManagerTool::GetRevisionsToMigrate::RemoveRevisionsAlreadyOnTarget After removing Date Matches there are 0 left 
[23:17:04 DBG] [16.0.5] TfsRevisionManagerTool::GetRevisionsToMigrate::RemoveRevisionsAlreadyOnTarget After removing revisions before target latest date "2024-11-03T23:07:27.5570000+05:30" there are 0 left 
[23:17:04 INF] [16.0.5] Source: Found 0 revisions to migrate on  Work item:Source 
[23:17:04 DBG] [16.0.5] Source: RevisionsToMigrate:---------------------------------------------------- 
[23:17:04 DBG] [16.0.5] Source: RevisionsToMigrate:---------------------------------------------------- 
[23:17:04 INF] [16.0.5] [                Epic][Complete:     9/10][sid:     6|Rev:  3][tid:  null | Skipping as work item exists and no revisions to sync detected 
[23:17:04 INF] [16.0.5] [                Epic][Complete:     9/10][sid:     6|Rev:  3][tid:  null | Average time of 1.111 per work item and 0 hours 0 minutes 2.222 seconds estimated to completion 
[23:17:04 DBG] [16.0.5] ###################################################################################### 
[23:17:04 DBG] [16.0.5] ProcessWorkItem: 7 
[23:17:04 DBG] [16.0.5] ###################################################################################### 
[23:17:04 DBG] [16.0.5] WorkItemQuery: ===========GetWorkItems============= 
[23:17:04 DBG] [16.0.5] WorkItemQuery: TeamProjectCollection: https://dev.azure.com/AdoMigrateorg 
[23:17:04 DBG] [16.0.5] WorkItemQuery: Query: SELECT [System.Id] FROM WorkItems WHERE [System.TeamProject]='change' AND [Custom.ReflectedWorkItemId] = 'https://devopspoc/TestCollection/devserver/_workitems/edit/7' 
[23:17:04 DBG] [16.0.5] WorkItemQuery: Parameters: {"TeamProject":"change","idToFind":"https://devopspoc/TestCollection/devserver/_workitems/edit/7"} 
[23:17:04 DBG] [16.0.5] WorkItemQuery: TeamProject: change 
[23:17:04 DBG] [16.0.5] WorkItemQuery: idToFind: https://devopspoc/TestCollection/devserver/_workitems/edit/7 
[23:17:04 DBG] [16.0.5] Query sent 
[23:17:04 INF] [16.0.5] 1 Work items received, verifying 
[23:17:04 INF] [16.0.5] Loading 1 Work Items 
[23:17:06 DBG] [16.0.5] 1 Work Items loaded 
[23:17:06 DBG] [16.0.5] GetReflectedWorkItemId: START 
[23:17:06 DBG] [16.0.5] GetReflectedWorkItemId: END - Has ReflectedWorkItemIdField and has value 
[23:17:06 INF] [16.0.5] [               Issue][Complete:    10/10][sid:     7|Rev:  4][tid:  null | Work Item has 4 revisions and revision migration is set to true 
[23:17:06 DBG] [16.0.5] TfsRevisionManagerTool::EnforceDatesMustBeIncreasing 
[23:17:06 INF] [16.0.5] Source: Found 4 revisions to migrate on  Work item:Source 
[23:17:06 DBG] [16.0.5] Source: RevisionsToMigrate:---------------------------------------------------- 
[23:17:06 DBG] [16.0.5] RevisionsToMigrate: Index:0 - Number:1 - ChangedDate:"2024-05-16T15:29:53.2470000+05:30" 
[23:17:06 DBG] [16.0.5] RevisionsToMigrate: Index:1 - Number:2 - ChangedDate:"2024-05-16T15:31:22.0600000+05:30" 
[23:17:06 DBG] [16.0.5] RevisionsToMigrate: Index:2 - Number:3 - ChangedDate:"2024-05-23T22:39:49.1130000+05:30" 
[23:17:06 DBG] [16.0.5] RevisionsToMigrate: Index:3 - Number:4 - ChangedDate:"2024-05-23T22:40:20.2700000+05:30" 
[23:17:06 DBG] [16.0.5] Source: RevisionsToMigrate:---------------------------------------------------- 
[23:17:06 INF] [16.0.5] Target: Found 5 revisions to migrate on  Work item:Target 
[23:17:06 DBG] [16.0.5] Target: RevisionsToMigrate:---------------------------------------------------- 
[23:17:06 DBG] [16.0.5] RevisionsToMigrate: Index:0 - Number:1 - ChangedDate:"2024-05-16T15:29:53.2470000+05:30" 
[23:17:06 DBG] [16.0.5] RevisionsToMigrate: Index:1 - Number:2 - ChangedDate:"2024-05-16T15:31:22.0600000+05:30" 
[23:17:06 DBG] [16.0.5] RevisionsToMigrate: Index:2 - Number:3 - ChangedDate:"2024-05-23T22:39:49.1130000+05:30" 
[23:17:06 DBG] [16.0.5] RevisionsToMigrate: Index:3 - Number:4 - ChangedDate:"2024-05-23T22:40:20.2700000+05:30" 
[23:17:06 DBG] [16.0.5] RevisionsToMigrate: Index:4 - Number:5 - ChangedDate:"2024-11-03T23:07:31.1070000+05:30" 
[23:17:06 DBG] [16.0.5] Target: RevisionsToMigrate:---------------------------------------------------- 
[23:17:06 DBG] [16.0.5] TfsRevisionManagerTool::GetRevisionsToMigrate: Raw Source Has 4 revisions 
[23:17:06 DBG] [16.0.5] TfsRevisionManagerTool::GetRevisionsToMigrate::RemoveRevisionsAlreadyOnTarget Raw Target Has 5 revisions 
[23:17:06 DBG] [16.0.5] TfsRevisionManagerTool::GetRevisionsToMigrate::RemoveRevisionsAlreadyOnTarget After removing Date Matches there are 0 left 
[23:17:06 DBG] [16.0.5] TfsRevisionManagerTool::GetRevisionsToMigrate::RemoveRevisionsAlreadyOnTarget After removing revisions before target latest date "2024-11-03T23:07:31.1070000+05:30" there are 0 left 
[23:17:06 INF] [16.0.5] Source: Found 0 revisions to migrate on  Work item:Source 
[23:17:06 DBG] [16.0.5] Source: RevisionsToMigrate:---------------------------------------------------- 
[23:17:06 DBG] [16.0.5] Source: RevisionsToMigrate:---------------------------------------------------- 
[23:17:06 INF] [16.0.5] [               Issue][Complete:    10/10][sid:     7|Rev:  4][tid:  null | Links 1 | LinkMigrator:true 
[23:17:06 INF] [16.0.5] [SKIP] Source and Target have same number of links  7 - Issue 
[23:17:06 INF] [16.0.5] GitRepositoryEnricher: Enriching 160 To fix Git Repo Links 
[23:17:06 INF] [16.0.5] [               Issue][Complete:    10/10][sid:     7|Rev:  4][tid:  null | Skipping as work item exists and no revisions to sync detected 
[23:17:06 INF] [16.0.5] [               Issue][Complete:    10/10][sid:     7|Rev:  4][tid:  null | Average time of 1.000 per work item and 0 hours 0 minutes 1.000 seconds estimated to completion 
[23:17:06 INF] [16.0.5]  Migration Processor Complete TfsWorkItemMigrationProcessor  
[23:17:06 INF] [16.0.5] TfsWorkItemMigrationProcessor completed in 00:00:00  
[23:17:06 INF] [16.0.5] Command ExecuteMigrationCommand completed in "00:00:53.6754602" 
[23:17:06 INF] [16.0.5] Check the logs for errors: C:\Users\romy\Desktop\AzureDevOpsServer2020_To_Services\MigrationTools-16.0.5\logs\20241103231612 
