[23:40:39 INF] [16.0.5] Azure DevOps Migration Tools [Object Model]  
[23:40:39 INF] [16.0.5] 16.0.5 
[23:40:39 INF] [16.0.5] naked Agility with Martin Hinshelwood  
[23:40:39 INF] [16.0.5] =============================================================================== 
[23:40:39 INF] [16.0.5] -------------------------------------- 
[23:40:39 INF] [16.0.5] Telemetry Note: 
[23:40:39 INF] [16.0.5]    We use Application Insights to collect usage and error information in order to improve the quality of the tools. 
[23:40:39 INF] [16.0.5]    Currently we collect the following anonymous data: 
[23:40:39 INF] [16.0.5]      -Event data: application version, client city/country, hosting type, item count, error count, warning count, elapsed time. 
[23:40:39 INF] [16.0.5]      -Exceptions: application errors and warnings. 
[23:40:39 INF] [16.0.5]      -Dependencies: REST/ObjectModel calls to Azure DevOps to help us understand performance issues. 
[23:40:39 INF] [16.0.5]    This data is tied to a session ID that is generated on each run of the application and shown in the logs. This can help with debugging. If you want to disable telemetry you can run the tool with '--disableTelemetry' on the command prompt. 
[23:40:39 INF] [16.0.5]    Note: Exception data cannot be 100% guaranteed to not leak production data 
[23:40:39 INF] [16.0.5] -------------------------------------- 
[23:40:39 INF] [16.0.5] Start Time: "2024-11-20T23:40:39.0952997+05:30" 
[23:40:39 INF] [16.0.5] Running with settings: {"ConfigFile":"C:\\Users\\romy\\Desktop\\AzureDevOpsServer2020_To_Services\\Work Item Migration\\MigrationTools-16.0.5\\temp_workitem_migration.json","DisableTelemetry":false,"DebugTrace":false,"skipVersionCheck":false,"$type":"ExecuteMigrationCommandSettings"} 
[23:40:39 INF] [16.0.5] OSVersion: Microsoft Windows NT 6.2.9200.0 
[23:40:39 INF] [16.0.5] Version (Assembly): 16.0.5 
[23:40:39 INF] [16.0.5] Logpath: C:\Users\romy\Desktop\AzureDevOpsServer2020_To_Services\Work Item Migration\MigrationTools-16.0.5\logs\20241120234038 
[23:40:39 DBG] [16.0.5] DetectOnlineService::IsOnline 
[23:40:39 DBG] [16.0.5]      IsPackageManagerInstalled: true 
[23:40:39 DBG] [16.0.5] Searching for package! 
[23:40:42 DBG] [16.0.5] Found package with id nkdAgility.AzureDevOpsMigrationTools 
[23:40:42 DBG] [16.0.5]      IsPackageInstalled: false 
[23:40:42 DBG] [16.0.5]      IsUpdateAvailable: false 
[23:40:42 DBG] [16.0.5]      IsNewLocalVersionAvailable: false 
[23:40:42 DBG] [16.0.5]      IsRunningInDebug: false 
[23:40:42 INF] [16.0.5] Verion Info: 
[23:40:42 INF] [16.0.5]      Running: 16.0.5.0 
[23:40:42 INF] [16.0.5]      Installed: 0.0.0 
[23:40:42 INF] [16.0.5]      Available: 0.0.0 
[23:40:43 INF] [16.0.5] It looks like this application has been installed from a zip, would you like to use the managed version? 
[23:41:53 DBG] [16.0.5] =================================== 
[23:41:53 DBG] [16.0.5] Configuring 'MigrationTools:Processors:0:Enrichers' 
[23:41:53 DBG] [16.0.5] =================================== 
[23:41:53 INF] [16.0.5] Creating Migration Engine e41391ba-6906-4b38-8f61-5f6a87105fa2 
[23:41:53 INF] [16.0.5] ProcessorContainer: Of 1 configured Processors only 1 are enabled 
[23:41:53 INF] [16.0.5] ProcessorContainer: Adding Processor TfsWorkItemMigrationProcessor 
[23:41:53 DBG] [16.0.5] Constructor found: IOptions`1, TfsCommonTools, ProcessorEnricherContainer, IServiceProvider, ITelemetryLogger, ILogger`1 
[23:41:53 DBG] [16.0.5] Attempting to pass parameters: OptionsWrapper`1 
[23:41:53 DBG] [16.0.5] =================================== 
[23:41:53 DBG] [16.0.5] Configuring 'MigrationTools:CommonTools:FieldMappingTool:FieldMaps' 
[23:41:53 DBG] [16.0.5] Configuring '0' as 'IFieldMapOptions' from 'MigrationTools:CommonTools:FieldMappingTool:FieldMaps' 
[23:41:53 DBG] [16.0.5] Configuring '1' as 'IFieldMapOptions' from 'MigrationTools:CommonTools:FieldMappingTool:FieldMaps' 
[23:41:53 DBG] [16.0.5] =================================== 
[23:41:53 INF] [16.0.5] FieldMappingTool: Adding FieldMap FieldToFieldMap for * 
