[18:03:19 INF] [16.0.5] Azure DevOps Migration Tools [Object Model]  
[18:03:19 INF] [16.0.5] 16.0.5 
[18:03:19 INF] [16.0.5] naked Agility with Martin Hinshelwood  
[18:03:19 INF] [16.0.5] =============================================================================== 
[18:03:19 INF] [16.0.5] -------------------------------------- 
[18:03:19 INF] [16.0.5] Telemetry Note: 
[18:03:19 INF] [16.0.5]    We use Application Insights to collect usage and error information in order to improve the quality of the tools. 
[18:03:19 INF] [16.0.5]    Currently we collect the following anonymous data: 
[18:03:19 INF] [16.0.5]      -Event data: application version, client city/country, hosting type, item count, error count, warning count, elapsed time. 
[18:03:19 INF] [16.0.5]      -Exceptions: application errors and warnings. 
[18:03:19 INF] [16.0.5]      -Dependencies: REST/ObjectModel calls to Azure DevOps to help us understand performance issues. 
[18:03:19 INF] [16.0.5]    This data is tied to a session ID that is generated on each run of the application and shown in the logs. This can help with debugging. If you want to disable telemetry you can run the tool with '--disableTelemetry' on the command prompt. 
[18:03:19 INF] [16.0.5]    Note: Exception data cannot be 100% guaranteed to not leak production data 
[18:03:19 INF] [16.0.5] -------------------------------------- 
[18:03:19 INF] [16.0.5] Start Time: "2024-11-06T18:03:19.9123782+05:30" 
[18:03:19 INF] [16.0.5] Running with settings: {"ConfigFile":"C:\\Users\\romy\\Desktop\\AzureDevOpsServer2020_To_Services\\MigrationTools-16.0.5\\workitem_configuration-upgraded.json","DisableTelemetry":false,"DebugTrace":false,"skipVersionCheck":false,"$type":"ExecuteMigrationCommandSettings"} 
[18:03:19 INF] [16.0.5] OSVersion: Microsoft Windows NT 6.2.9200.0 
[18:03:19 INF] [16.0.5] Version (Assembly): 16.0.5 
[18:03:19 INF] [16.0.5] Logpath: C:\Users\romy\Desktop\AzureDevOpsServer2020_To_Services\MigrationTools-16.0.5\logs\20241106180318 
[18:03:19 DBG] [16.0.5] DetectOnlineService::IsOnline 
[18:03:19 DBG] [16.0.5]      IsPackageManagerInstalled: false 
[18:03:19 DBG] [16.0.5]      IsPackageInstalled: false 
[18:03:19 DBG] [16.0.5]      IsUpdateAvailable: false 
[18:03:19 DBG] [16.0.5]      IsNewLocalVersionAvailable: false 
[18:03:19 DBG] [16.0.5]      IsRunningInDebug: false 
[18:03:19 INF] [16.0.5] Verion Info: 
[18:03:19 INF] [16.0.5]      Running: 16.0.5.0 
[18:03:19 INF] [16.0.5]      Installed: 0.0.0 
[18:03:19 INF] [16.0.5]      Available: 0.0.0 
[18:03:19 WRN] [16.0.5] Windows Client: The Windows Package Manager is not installed, we use it to determine if you have the latest version, and to make sure that this application is up to date. You can download and install it from https://aka.ms/getwinget. After which you can call `winget install nkdAgility.AzureDevOpsMigrationTools` from the Windows Terminal to get a manged version of this program. 
[18:03:19 WRN] [16.0.5] Windows Server: If you are running on Windows Server you can use the experimental version of Winget, or you can still use Chocolatey to manage the install. Install chocolatey from https://chocolatey.org/install and then use `choco install vsts-sync-migrator` to install, and `choco upgrade vsts-sync-migrator` to upgrade to newer versions. 
[18:03:20 DBG] [16.0.5] =================================== 
[18:03:20 DBG] [16.0.5] Configuring 'MigrationTools:Processors:0:Enrichers' 
[18:03:20 DBG] [16.0.5] =================================== 
[18:03:20 INF] [16.0.5] Creating Migration Engine 418ada51-f1a2-48e6-8c9d-e0e1903a8a84 
[18:03:20 INF] [16.0.5] ProcessorContainer: Of 1 configured Processors only 1 are enabled 
[18:03:20 INF] [16.0.5] ProcessorContainer: Adding Processor TfsWorkItemMigrationProcessor 
[18:03:20 DBG] [16.0.5] Constructor found: IOptions`1, TfsCommonTools, ProcessorEnricherContainer, IServiceProvider, ITelemetryLogger, ILogger`1 
[18:03:20 DBG] [16.0.5] Attempting to pass parameters: OptionsWrapper`1 
[18:03:20 DBG] [16.0.5] =================================== 
[18:03:20 DBG] [16.0.5] Configuring 'MigrationTools:CommonTools:FieldMappingTool:FieldMaps' 
[18:03:20 DBG] [16.0.5] Configuring '0' as 'IFieldMapOptions' from 'MigrationTools:CommonTools:FieldMappingTool:FieldMaps' 
[18:03:20 DBG] [16.0.5] Configuring '1' as 'IFieldMapOptions' from 'MigrationTools:CommonTools:FieldMappingTool:FieldMaps' 
[18:03:20 DBG] [16.0.5] =================================== 
[18:03:20 INF] [16.0.5] FieldMappingTool: Adding FieldMap FieldToFieldMap for * 
[18:03:20 INF] [16.0.5] FieldMappingTool: Adding FieldMap FieldToFieldMap for * 
[18:03:20 INF] [16.0.5] Logging has been configured and is set to: unknown.  
[18:03:20 INF] [16.0.5]                               Max Logfile: Verbose.  
[18:03:20 INF] [16.0.5]                               Max Console: Debug.  
[18:03:20 INF] [16.0.5]                  Max Application Insights: Error.  
[18:03:20 INF] [16.0.5] The Max log levels above show where to go look for extra info. e.g. Even if you set the log level to Verbose you will only see that info in the Log File, however everything up to Debug will be in the Console. 
[18:03:20 INF] [16.0.5] Beginning run of 1 processors 
[18:03:20 INF] [16.0.5] Processor: TfsWorkItemMigrationProcessor 
[18:03:20 INF] [16.0.5] Migration Context Start: TfsWorkItemMigrationProcessor  
[18:03:20 DBG] [16.0.5] WorkItemMigrationContext::InternalExecute  
[18:03:20 INF] [16.0.5] Migrating all Nodes before the Processor run. 
[18:03:20 DBG] [16.0.5] TfsMigrationClient::GetDependantTfsCollection:AuthenticationMode(AccessToken) 
[18:03:20 INF] [16.0.5] Connecting with AccessToken  
[18:03:20 DBG] [16.0.5] MigrationClient: Connecting to "https://devopspoc/TestCollection"  
[18:03:22 INF] [16.0.5] Access granted to "https://devopspoc/TestCollection" for lexcon (devopsPOC\lexcon) 
[18:03:23 DBG] [16.0.5] TfsMigrationClient::GetDependantTfsCollection:AuthenticationMode(AccessToken) 
[18:03:23 INF] [16.0.5] Connecting with AccessToken  
[18:03:23 DBG] [16.0.5] MigrationClient: Connecting to "https://dev.azure.com/AdoMigrateorg"  
[18:03:23 INF] [16.0.5] Access granted to "https://dev.azure.com/AdoMigrateorg" for romyngorg (romyngorg@outlook.com) 
[18:03:23 DBG] [16.0.5] NodeStructureEnricher.MigrateAllNodeStructures(@MigrationTools.Tools.NodeOptions, @MigrationTools.Tools.NodeOptions) 
[18:03:23 DBG] [16.0.5] NodeStructureEnricher.ProcessCommonStructure(Area, Area) 
[18:03:23 DBG] [16.0.5] Source Node Path StartsWith [\devserver\area] 
[18:03:24 DBG] [16.0.5] NodeStructureEnricher.GetNewNodeName(devserver\nyby-Team, Area) 
[18:03:24 DBG] [16.0.5] NodeStructureEnricher.GetNewNodeName::Mappers 
[18:03:24 DBG] [16.0.5] TfsNodeStructureTool:GetOrCreateNode(\adopoc\Area\nyby-Team, null, null) 
[18:03:24 INF] [16.0.5]  Processing Node: \adopoc\Area\nyby-Team, start date: null, finish date: null 
[18:03:24 DBG] [16.0.5]   Node \adopoc\Area\nyby-Team already exists 
[18:03:24 DBG] [16.0.5] NodeStructureEnricher.ProcessCommonStructure(Iteration, Iteration) 
[18:03:24 DBG] [16.0.5] Source Node Path StartsWith [\devserver\iteration] 
[18:03:25 DBG] [16.0.5] NodeStructureEnricher.GetNewNodeName(devserver\Sprint 1, Iteration) 
[18:03:25 DBG] [16.0.5] NodeStructureEnricher.GetNewNodeName::Mappers 
[18:03:25 DBG] [16.0.5] TfsNodeStructureTool:GetOrCreateNode(\adopoc\Iteration\Sprint 1, null, null) 
[18:03:25 INF] [16.0.5]  Processing Node: \adopoc\Iteration\Sprint 1, start date: null, finish date: null 
[18:03:25 DBG] [16.0.5]   Node \adopoc\Iteration\Sprint 1 already exists 
[18:03:25 DBG] [16.0.5] TfsWorkItemMigrationClient::GetWorkItemStore("https://dev.azure.com/AdoMigrateorg", "BypassRules") 
[18:03:27 INF] [16.0.5] Work Item Store connected to "https://dev.azure.com/AdoMigrateorg" with BypassRules set to true 
[18:03:28 WRN] [16.0.5] WorkItemMigrationContext::InternalExecute: teamSettingsEnricher is disabled! 
[18:03:28 INF] [16.0.5] Querying items to be migrated: SELECT [System.Id] FROM WorkItems WHERE [System.TeamProject] = @TeamProject AND [System.WorkItemType] NOT IN ('Feedback Request') ORDER BY [System.ChangedDate] desc ... 
[18:03:28 DBG] [16.0.5] WorkItemQuery: ===========GetWorkItems============= 
[18:03:28 DBG] [16.0.5] TfsWorkItemMigrationClient::GetWorkItemStore("https://devopspoc/TestCollection", "BypassRules") 
[18:03:32 INF] [16.0.5] Work Item Store connected to "https://devopspoc/TestCollection" with BypassRules set to true 
[18:03:32 DBG] [16.0.5] WorkItemQuery: TeamProjectCollection: https://devopspoc/TestCollection 
[18:03:32 DBG] [16.0.5] WorkItemQuery: Query: SELECT [System.Id] FROM WorkItems WHERE [System.TeamProject] = 'devserver' AND [System.WorkItemType] NOT IN ('Feedback Request') ORDER BY [System.ChangedDate] desc 
[18:03:32 DBG] [16.0.5] WorkItemQuery: Parameters: {"TeamProject":"devserver","ReflectedWorkItemIdField":"Custom.ReflectedWorkItemId"} 
[18:03:32 DBG] [16.0.5] WorkItemQuery: TeamProject: devserver 
[18:03:32 DBG] [16.0.5] WorkItemQuery: ReflectedWorkItemIdField: Custom.ReflectedWorkItemId 
[18:03:32 DBG] [16.0.5] Query sent 
[18:03:32 INF] [16.0.5] 10 Work items received, verifying 
[18:03:33 INF] [16.0.5] Loading 10 Work Items 
[18:04:00 DBG] [16.0.5] 10 Work Items loaded 
[18:04:00 INF] [16.0.5] Replay all revisions of 10 work items? 
[18:04:00 INF] [16.0.5] Validating::Check all Target Work Items have the RefectedWorkItemId field 
[18:04:00 DBG] [16.0.5] ValidatingRequiredField: Issue contains Custom.ReflectedWorkItemId 
[18:04:00 DBG] [16.0.5] ValidatingRequiredField: Epic contains Custom.ReflectedWorkItemId 
[18:04:00 DBG] [16.0.5] ValidatingRequiredField: Test Case contains Custom.ReflectedWorkItemId 
[18:04:00 DBG] [16.0.5] ValidatingRequiredField: Task contains Custom.ReflectedWorkItemId 
[18:04:00 INF] [16.0.5] Validating::Check that all work item types needed in the Target exist or are mapped 
[18:04:00 DBG] [16.0.5] Validating::WorkItemTypes::sourceWorkItemTypes: 4 WorkItemTypes in the full source history Issue,Epic,Test Case,Task 
[18:04:00 DBG] [16.0.5] Validating::WorkItemTypes::targetWorkItemTypes::15 WorkItemTypes in Target process: Issue,Epic,Task,Test Case,Test Plan,Test Suite,Shared Steps,Shared Parameter,Code Review Request,Code Review Response,Feedback Request,Feedback Response,User Story,DNF,Bug 
[18:04:00 INF] [16.0.5] Validating::Check that all Area & Iteration paths from Source have a valid mapping on Target 
[18:04:00 DBG] [16.0.5] TfsNodeStructureTool:CheckForMissingPaths 
[18:04:00 DBG] [16.0.5] TfsNodeStructureTool:CheckForMissingPaths::AreaNodes::1 
[18:04:00 DBG] [16.0.5] TfsNodeStructureTool:CheckForMissingPaths:Checking::null 
[18:04:00 DBG] [16.0.5] NodeStructureEnricher.GetNewNodeName(devserver, Area) 
[18:04:00 DBG] [16.0.5] NodeStructureEnricher.GetNewNodeName::Mappers 
[18:04:00 DBG] [16.0.5] TfsNodeStructureTool:CheckForMissingPaths:CheckTarget::\adopoc\Area 
[18:04:00 DBG] [16.0.5] TfsNodeStructureTool:CheckForMissingPaths 
[18:04:00 DBG] [16.0.5] TfsNodeStructureTool:CheckForMissingPaths::IterationNodes::2 
[18:04:00 DBG] [16.0.5] TfsNodeStructureTool:CheckForMissingPaths:Checking::null 
[18:04:00 DBG] [16.0.5] NodeStructureEnricher.GetNewNodeName(devserver, Iteration) 
[18:04:00 DBG] [16.0.5] NodeStructureEnricher.GetNewNodeName::Mappers 
[18:04:00 DBG] [16.0.5] TfsNodeStructureTool:PopulateIterationDatesFronSource:\devserver\Iteration 
[18:04:01 DBG] [16.0.5] TfsNodeStructureTool:CheckForMissingPaths:CheckTarget::\adopoc\Iteration 
[18:04:01 DBG] [16.0.5] TfsNodeStructureTool:CheckForMissingPaths:Checking::null 
[18:04:01 DBG] [16.0.5] NodeStructureEnricher.GetNewNodeName(devserver\Sprint 1, Iteration) 
[18:04:01 DBG] [16.0.5] NodeStructureEnricher.GetNewNodeName::Mappers 
[18:04:01 DBG] [16.0.5] TfsNodeStructureTool:PopulateIterationDatesFronSource:\devserver\Iteration\Sprint 1 
[18:04:02 DBG] [16.0.5] TfsNodeStructureTool:CheckForMissingPaths:CheckTarget::\adopoc\Iteration\Sprint 1 
[18:04:02 INF] [16.0.5] Validating::Check that all users in the source exist in the target or are mapped! 
[18:04:02 WRN] [16.0.5] TfsUserMappingTool is disabled in settings. You may have users in the source that are not mapped to the target.  
[18:04:02 INF] [16.0.5] Found target project as adopoc 
[18:04:02 INF] [16.0.5] [FilterWorkItemsThatAlreadyExistInTarget] is enabled. Searching for 10 work items that may have already been migrated to the target... 
[18:04:02 INF] [16.0.5] [FilterWorkItemsThatAlreadyExistInTarget] is enabled. Source project devserver is replaced with target project adopoc on the WIQLQuery which resulted into this target WIQLQuery 
 "SELECT [System.Id] FROM WorkItems WHERE [System.TeamProject] = @TeamProject AND [System.WorkItemType] NOT IN ('Feedback Request') ORDER BY [System.ChangedDate] desc" . 
[18:04:02 DBG] [16.0.5] FilterByTarget: Query Execute... 
[18:04:02 DBG] [16.0.5] WorkItemQuery: ===========GetWorkItems============= 
[18:04:02 DBG] [16.0.5] WorkItemQuery: TeamProjectCollection: https://dev.azure.com/AdoMigrateorg 
[18:04:02 DBG] [16.0.5] WorkItemQuery: Query: SELECT [System.Id] FROM WorkItems WHERE [System.TeamProject] = 'adopoc' AND [System.WorkItemType] NOT IN ('Feedback Request') ORDER BY [System.ChangedDate] desc 
[18:04:02 DBG] [16.0.5] WorkItemQuery: Parameters: {"TeamProject":"adopoc","ReflectedWorkItemIdField":"Custom.ReflectedWorkItemId"} 
[18:04:02 DBG] [16.0.5] WorkItemQuery: TeamProject: adopoc 
[18:04:02 DBG] [16.0.5] WorkItemQuery: ReflectedWorkItemIdField: Custom.ReflectedWorkItemId 
[18:04:02 DBG] [16.0.5] Query sent 
[18:04:02 INF] [16.0.5] 10 Work items received, verifying 
[18:04:02 INF] [16.0.5] Loading 10 Work Items 
[18:04:06 DBG] [16.0.5] 10 Work Items loaded 
[18:04:06 DBG] [16.0.5] FilterByTarget: ... query complete. 
[18:04:06 DBG] [16.0.5] FilterByTarget: Found 10 based on the WIQLQuery in the target system. 
[18:04:06 DBG] [16.0.5] GetReflectedWorkItemId: START 
[18:04:06 DBG] [16.0.5] GetReflectedWorkItemId: END - Has ReflectedWorkItemIdField and has value 
[18:04:06 DBG] [16.0.5] GetReflectedWorkItemId: START 
[18:04:06 DBG] [16.0.5] GetReflectedWorkItemId: END - Has ReflectedWorkItemIdField and has value 
[18:04:06 DBG] [16.0.5] GetReflectedWorkItemId: START 
[18:04:06 DBG] [16.0.5] GetReflectedWorkItemId: END - Has ReflectedWorkItemIdField and has value 
[18:04:06 DBG] [16.0.5] GetReflectedWorkItemId: START 
[18:04:06 DBG] [16.0.5] GetReflectedWorkItemId: END - Has ReflectedWorkItemIdField and has value 
[18:04:06 DBG] [16.0.5] GetReflectedWorkItemId: START 
[18:04:06 DBG] [16.0.5] GetReflectedWorkItemId: END - Has ReflectedWorkItemIdField and has value 
[18:04:06 DBG] [16.0.5] GetReflectedWorkItemId: START 
[18:04:06 DBG] [16.0.5] GetReflectedWorkItemId: END - Has ReflectedWorkItemIdField and has value 
[18:04:06 DBG] [16.0.5] GetReflectedWorkItemId: START 
[18:04:06 DBG] [16.0.5] GetReflectedWorkItemId: END - Has ReflectedWorkItemIdField and has value 
[18:04:06 DBG] [16.0.5] GetReflectedWorkItemId: START 
[18:04:06 DBG] [16.0.5] GetReflectedWorkItemId: END - Has ReflectedWorkItemIdField and has value 
[18:04:06 DBG] [16.0.5] GetReflectedWorkItemId: START 
[18:04:06 DBG] [16.0.5] GetReflectedWorkItemId: END - Has ReflectedWorkItemIdField and has value 
[18:04:06 DBG] [16.0.5] GetReflectedWorkItemId: START 
[18:04:06 DBG] [16.0.5] GetReflectedWorkItemId: END - Has ReflectedWorkItemIdField and has value 
[18:04:06 DBG] [16.0.5] FilterByTarget: After removing all found work items there are 10 remaining to be migrated. 
[18:04:06 DBG] [16.0.5] FilterByTarget: END 
[18:04:06 INF] [16.0.5] !! After removing all found work items there are 0 remaining to be migrated. 
[18:04:06 INF] [16.0.5]  Migration Processor Complete TfsWorkItemMigrationProcessor  
[18:04:06 INF] [16.0.5] TfsWorkItemMigrationProcessor completed in 00:00:00  
[18:04:06 INF] [16.0.5] Command ExecuteMigrationCommand completed in "00:00:47.0792371" 
[18:04:06 INF] [16.0.5] Check the logs for errors: C:\Users\romy\Desktop\AzureDevOpsServer2020_To_Services\MigrationTools-16.0.5\logs\20241106180318 
