[13:51:25 INF] [16.0.5] Azure DevOps Migration Tools [Object Model]  
[13:51:25 INF] [16.0.5] 16.0.5 
[13:51:25 INF] [16.0.5] naked Agility with Martin Hinshelwood  
[13:51:25 INF] [16.0.5] =============================================================================== 
[13:51:25 INF] [16.0.5] -------------------------------------- 
[13:51:25 INF] [16.0.5] Telemetry Note: 
[13:51:25 INF] [16.0.5]    We use Application Insights to collect usage and error information in order to improve the quality of the tools. 
[13:51:25 INF] [16.0.5]    Currently we collect the following anonymous data: 
[13:51:25 INF] [16.0.5]      -Event data: application version, client city/country, hosting type, item count, error count, warning count, elapsed time. 
[13:51:25 INF] [16.0.5]      -Exceptions: application errors and warnings. 
[13:51:25 INF] [16.0.5]      -Dependencies: REST/ObjectModel calls to Azure DevOps to help us understand performance issues. 
[13:51:25 INF] [16.0.5]    This data is tied to a session ID that is generated on each run of the application and shown in the logs. This can help with debugging. If you want to disable telemetry you can run the tool with '--disableTelemetry' on the command prompt. 
[13:51:25 INF] [16.0.5]    Note: Exception data cannot be 100% guaranteed to not leak production data 
[13:51:25 INF] [16.0.5] -------------------------------------- 
[13:51:25 INF] [16.0.5] Start Time: "2024-11-03T13:51:25.9470798+05:30" 
[13:51:25 INF] [16.0.5] Running with settings: {"ConfigFile":"configuration-classic2-pipeline.json","DisableTelemetry":false,"DebugTrace":false,"skipVersionCheck":false,"$type":"ExecuteMigrationCommandSettings"} 
[13:51:25 INF] [16.0.5] OSVersion: Microsoft Windows NT 6.2.9200.0 
[13:51:25 INF] [16.0.5] Version (Assembly): 16.0.5 
[13:51:25 INF] [16.0.5] Logpath: C:\Users\romy\Desktop\AzureDevOpsServer2020_To_Services\MigrationTools-16.0.5\logs\20241103135125 
[13:51:25 INF] [16.0.5] Verion Info: 
[13:51:25 INF] [16.0.5]      Running: 16.0.5.0 
[13:51:25 INF] [16.0.5]      Installed: 0.0.0 
[13:51:25 INF] [16.0.5]      Available: 0.0.0 
[13:51:25 WRN] [16.0.5] Windows Client: The Windows Package Manager is not installed, we use it to determine if you have the latest version, and to make sure that this application is up to date. You can download and install it from https://aka.ms/getwinget. After which you can call `winget install nkdAgility.AzureDevOpsMigrationTools` from the Windows Terminal to get a manged version of this program. 
[13:51:25 WRN] [16.0.5] Windows Server: If you are running on Windows Server you can use the experimental version of Winget, or you can still use Chocolatey to manage the install. Install chocolatey from https://chocolatey.org/install and then use `choco install vsts-sync-migrator` to install, and `choco upgrade vsts-sync-migrator` to upgrade to newer versions. 
[13:51:26 INF] [16.0.5] No validator found for processor type AzureDevOpsPipelineProcessorOptions 
[13:51:26 INF] [16.0.5] Creating Migration Engine 790277db-75f5-4296-ab52-2c690825422d 
[13:51:26 INF] [16.0.5] ProcessorContainer: Of 1 configured Processors only 1 are enabled 
[13:51:26 INF] [16.0.5] ProcessorContainer: Adding Processor AzureDevOpsPipelineProcessor 
[13:51:26 INF] [16.0.5] Logging has been configured and is set to: unknown.  
[13:51:26 INF] [16.0.5]                               Max Logfile: Verbose.  
[13:51:26 INF] [16.0.5]                               Max Console: Debug.  
[13:51:26 INF] [16.0.5]                  Max Application Insights: Error.  
[13:51:26 INF] [16.0.5] The Max log levels above show where to go look for extra info. e.g. Even if you set the log level to Verbose you will only see that info in the Log File, however everything up to Debug will be in the Console. 
[13:51:26 INF] [16.0.5] Beginning run of 1 processors 
[13:51:26 INF] [16.0.5] Processor: AzureDevOpsPipelineProcessor 
[13:51:26 INF] [16.0.5] Migration Context Start: AzureDevOpsPipelineProcessor  
[13:51:26 INF] [16.0.5] Processor::InternalExecute::Start 
[13:51:26 INF] [16.0.5] Processor::EnsureConfigured 
[13:51:26 INF] [16.0.5] ProcessorEnricherContainer::ProcessorExecutionBegin 
[13:51:26 INF] [16.0.5] Processing Service Connections.. 
[13:51:26 FTL] [16.0.5] Error while running AzureDevOpsPipelineProcessor 
System.ArgumentNullException: Value cannot be null.
Parameter name: uriString
   at System.Uri..ctor(String uriString, UriKind uriKind)
   at System.UriBuilder..ctor(String uri)
   at MigrationTools.Endpoints.AzureDevOpsEndpoint.GetUriBuilderBasedOnEndpointAndType[DefinitionType](String[] routeParameters) in D:\a\azure-devops-migration-tools\azure-devops-migration-tools\src\MigrationTools.Clients.AzureDevops.Rest\Endpoints\AzureDevOpsEndpoint.cs:line 101
   at MigrationTools.Endpoints.AzureDevOpsEndpoint.GetHttpClient[DefinitionType](String[] routeParams) in D:\a\azure-devops-migration-tools\azure-devops-migration-tools\src\MigrationTools.Clients.AzureDevops.Rest\Endpoints\AzureDevOpsEndpoint.cs:line 56
   at MigrationTools.Endpoints.AzureDevOpsEndpoint.<GetApiDefinitionsAsync>d__8`1.MoveNext() in D:\a\azure-devops-migration-tools\azure-devops-migration-tools\src\MigrationTools.Clients.AzureDevops.Rest\Endpoints\AzureDevOpsEndpoint.cs:line 160
--- End of stack trace from previous location where exception was thrown ---
   at System.Runtime.ExceptionServices.ExceptionDispatchInfo.Throw()
   at System.Runtime.CompilerServices.TaskAwaiter.HandleNonSuccessAndDebuggerNotification(Task task)
   at System.Runtime.CompilerServices.TaskAwaiter`1.GetResult()
   at MigrationTools.Processors.AzureDevOpsPipelineProcessor.<CreateServiceConnectionsAsync>d__27.MoveNext() in D:\a\azure-devops-migration-tools\azure-devops-migration-tools\src\MigrationTools.Clients.AzureDevops.Rest\Processors\AzureDevOpsPipelineProcessor.cs:line 610
--- End of stack trace from previous location where exception was thrown ---
   at System.Runtime.ExceptionServices.ExceptionDispatchInfo.Throw()
   at System.Runtime.CompilerServices.TaskAwaiter.HandleNonSuccessAndDebuggerNotification(Task task)
   at System.Runtime.CompilerServices.TaskAwaiter`1.GetResult()
   at MigrationTools.Processors.AzureDevOpsPipelineProcessor.<MigratePipelinesAsync>d__9.MoveNext() in D:\a\azure-devops-migration-tools\azure-devops-migration-tools\src\MigrationTools.Clients.AzureDevops.Rest\Processors\AzureDevOpsPipelineProcessor.cs:line 74
--- End of stack trace from previous location where exception was thrown ---
   at System.Runtime.ExceptionServices.ExceptionDispatchInfo.Throw()
   at System.Runtime.CompilerServices.TaskAwaiter.HandleNonSuccessAndDebuggerNotification(Task task)
   at System.Runtime.CompilerServices.TaskAwaiter.GetResult()
   at MigrationTools.Processors.AzureDevOpsPipelineProcessor.InternalExecute() in D:\a\azure-devops-migration-tools\azure-devops-migration-tools\src\MigrationTools.Clients.AzureDevops.Rest\Processors\AzureDevOpsPipelineProcessor.cs:line 40
   at MigrationTools.Processors.Infrastructure.Processor.Execute() in D:\a\azure-devops-migration-tools\azure-devops-migration-tools\src\MigrationTools\Processors\Infrastructure\Processor.cs:line 99
[13:51:27 INF] [16.0.5] AzureDevOpsPipelineProcessor completed in 00:00:00  
[13:51:27 ERR] [16.0.5] AzureDevOpsPipelineProcessor The Processor MigrationEngine entered the failed state...stopping run 
[13:51:27 INF] [16.0.5] Command ExecuteMigrationCommand completed in "00:00:02.1024996" 
[13:51:27 INF] [16.0.5] Check the logs for errors: C:\Users\romy\Desktop\AzureDevOpsServer2020_To_Services\MigrationTools-16.0.5\logs\20241103135125 
