[15:24:07 INF] [16.0.5] Azure DevOps Migration Tools [Object Model]  
[15:24:07 INF] [16.0.5] 16.0.5 
[15:24:07 INF] [16.0.5] naked Agility with Martin Hinshelwood  
[15:24:07 INF] [16.0.5] =============================================================================== 
[15:24:07 INF] [16.0.5] -------------------------------------- 
[15:24:07 INF] [16.0.5] Telemetry Note: 
[15:24:07 INF] [16.0.5]    We use Application Insights to collect usage and error information in order to improve the quality of the tools. 
[15:24:07 INF] [16.0.5]    Currently we collect the following anonymous data: 
[15:24:08 INF] [16.0.5]      -Event data: application version, client city/country, hosting type, item count, error count, warning count, elapsed time. 
[15:24:08 INF] [16.0.5]      -Exceptions: application errors and warnings. 
[15:24:08 INF] [16.0.5]      -Dependencies: REST/ObjectModel calls to Azure DevOps to help us understand performance issues. 
[15:24:08 INF] [16.0.5]    This data is tied to a session ID that is generated on each run of the application and shown in the logs. This can help with debugging. If you want to disable telemetry you can run the tool with '--disableTelemetry' on the command prompt. 
[15:24:08 INF] [16.0.5]    Note: Exception data cannot be 100% guaranteed to not leak production data 
[15:24:08 INF] [16.0.5] -------------------------------------- 
[15:24:08 INF] [16.0.5] Start Time: "2024-11-22T15:24:08.0149665+05:30" 
[15:24:08 INF] [16.0.5] Running with settings: {"ConfigFile":"C:\\Users\\romy\\Desktop\\AzureDevOpsServer2020_To_Services\\Work Item Migration\\MigrationTools-16.0.5\\temp_workitem_migration.json","DisableTelemetry":false,"DebugTrace":false,"skipVersionCheck":false,"$type":"ExecuteMigrationCommandSettings"} 
[15:24:08 INF] [16.0.5] OSVersion: Microsoft Windows NT 6.2.9200.0 
[15:24:08 INF] [16.0.5] Version (Assembly): 16.0.5 
[15:24:08 INF] [16.0.5] Logpath: C:\Users\romy\Desktop\AzureDevOpsServer2020_To_Services\Work Item Migration\MigrationTools-16.0.5\logs\20241122152406 
[15:24:08 DBG] [16.0.5] DetectOnlineService::IsOnline 
[15:24:08 DBG] [16.0.5]      IsPackageManagerInstalled: true 
[15:24:09 DBG] [16.0.5] Searching for package! 
[15:24:12 DBG] [16.0.5] Found package with id nkdAgility.AzureDevOpsMigrationTools 
[15:24:12 DBG] [16.0.5]      IsPackageInstalled: false 
[15:24:12 DBG] [16.0.5]      IsUpdateAvailable: false 
[15:24:12 DBG] [16.0.5]      IsNewLocalVersionAvailable: false 
[15:24:12 DBG] [16.0.5]      IsRunningInDebug: false 
[15:24:12 INF] [16.0.5] Verion Info: 
[15:24:12 INF] [16.0.5]      Running: 16.0.5.0 
[15:24:12 INF] [16.0.5]      Installed: 0.0.0 
[15:24:12 INF] [16.0.5]      Available: 0.0.0 
[15:24:12 INF] [16.0.5] It looks like this application has been installed from a zip, would you like to use the managed version? 
[15:26:37 DBG] [16.0.5] =================================== 
[15:26:37 DBG] [16.0.5] Configuring 'MigrationTools:Processors:0:Enrichers' 
[15:26:37 DBG] [16.0.5] =================================== 
[15:26:37 DBG] [16.0.5] =================================== 
[15:26:37 DBG] [16.0.5] Configuring 'MigrationTools:Processors:1:Enrichers' 
[15:26:37 DBG] [16.0.5] =================================== 
[15:26:37 INF] [16.0.5] No validator found for processor type TfsSharedQueryProcessorOptions 
[15:26:37 DBG] [16.0.5] =================================== 
[15:26:37 DBG] [16.0.5] Configuring 'MigrationTools:Processors:2:Enrichers' 
[15:26:37 DBG] [16.0.5] =================================== 
[15:26:37 INF] [16.0.5] No validator found for processor type TfsTestConfigurationsMigrationProcessorOptions 
[15:26:37 DBG] [16.0.5] =================================== 
[15:26:37 DBG] [16.0.5] Configuring 'MigrationTools:Processors:3:Enrichers' 
[15:26:37 DBG] [16.0.5] =================================== 
[15:26:37 INF] [16.0.5] No validator found for processor type TfsTestPlansAndSuitesMigrationProcessorOptions 
[15:26:37 INF] [16.0.5] Creating Migration Engine e39e3c16-c9a9-4ed4-aa08-f4e26d2fd0d0 
[15:26:37 INF] [16.0.5] ProcessorContainer: Of 4 configured Processors only 4 are enabled 
[15:26:37 INF] [16.0.5] ProcessorContainer: Adding Processor TfsWorkItemMigrationProcessor 
[15:26:37 DBG] [16.0.5] Constructor found: IOptions`1, TfsCommonTools, ProcessorEnricherContainer, IServiceProvider, ITelemetryLogger, ILogger`1 
[15:26:37 DBG] [16.0.5] Attempting to pass parameters: OptionsWrapper`1 
[15:26:37 DBG] [16.0.5] =================================== 
[15:26:37 DBG] [16.0.5] Configuring 'MigrationTools:CommonTools:FieldMappingTool:FieldMaps' 
[15:26:37 DBG] [16.0.5] Configuring '0' as 'IFieldMapOptions' from 'MigrationTools:CommonTools:FieldMappingTool:FieldMaps' 
[15:26:37 DBG] [16.0.5] Configuring '1' as 'IFieldMapOptions' from 'MigrationTools:CommonTools:FieldMappingTool:FieldMaps' 
[15:26:37 DBG] [16.0.5] =================================== 
[15:26:37 INF] [16.0.5] FieldMappingTool: Adding FieldMap FieldToFieldMap for * 
[15:26:37 INF] [16.0.5] FieldMappingTool: Adding FieldMap FieldToFieldMap for * 
[15:26:37 INF] [16.0.5] ProcessorContainer: Adding Processor TfsSharedQueryProcessor 
[15:26:37 DBG] [16.0.5] Constructor found: IOptions`1, CommonTools, ProcessorEnricherContainer, IServiceProvider, ITelemetryLogger, ILogger`1 
[15:26:37 DBG] [16.0.5] Attempting to pass parameters: OptionsWrapper`1 
[15:26:37 INF] [16.0.5] ProcessorContainer: Adding Processor TfsTestConfigurationsMigrationProcessor 
[15:26:37 DBG] [16.0.5] Constructor found: IOptions`1, TfsCommonTools, ProcessorEnricherContainer, IServiceProvider, ITelemetryLogger, ILogger`1 
[15:26:37 DBG] [16.0.5] Attempting to pass parameters: OptionsWrapper`1 
[15:26:37 INF] [16.0.5] ProcessorContainer: Adding Processor TfsTestPlansAndSuitesMigrationProcessor 
[15:26:37 DBG] [16.0.5] Constructor found: IOptions`1, TfsCommonTools, ProcessorEnricherContainer, IServiceProvider, ITelemetryLogger, ILogger`1 
[15:26:37 DBG] [16.0.5] Attempting to pass parameters: OptionsWrapper`1 
[15:26:37 INF] [16.0.5] Logging has been configured and is set to: unknown.  
[15:26:37 INF] [16.0.5]                               Max Logfile: Verbose.  
[15:26:37 INF] [16.0.5]                               Max Console: Debug.  
[15:26:37 INF] [16.0.5]                  Max Application Insights: Error.  
[15:26:37 INF] [16.0.5] The Max log levels above show where to go look for extra info. e.g. Even if you set the log level to Verbose you will only see that info in the Log File, however everything up to Debug will be in the Console. 
[15:26:37 INF] [16.0.5] Beginning run of 4 processors 
[15:26:37 INF] [16.0.5] Processor: TfsWorkItemMigrationProcessor 
[15:26:37 INF] [16.0.5] Migration Context Start: TfsWorkItemMigrationProcessor  
[15:26:37 DBG] [16.0.5] WorkItemMigrationContext::InternalExecute  
[15:26:38 INF] [16.0.5] Migrating all Nodes before the Processor run. 
[15:26:38 DBG] [16.0.5] TfsMigrationClient::GetDependantTfsCollection:AuthenticationMode(AccessToken) 
[15:26:38 INF] [16.0.5] Connecting with AccessToken  
[15:26:38 DBG] [16.0.5] MigrationClient: Connecting to "https://newtdevops.duckdns.org/DefaultCollection"  
[15:26:39 INF] [16.0.5] Access granted to "https://newtdevops.duckdns.org/DefaultCollection" for lexcon (devopsPOC\lexcon) 
[15:26:41 DBG] [16.0.5] TfsMigrationClient::GetDependantTfsCollection:AuthenticationMode(AccessToken) 
[15:26:41 INF] [16.0.5] Connecting with AccessToken  
[15:26:41 DBG] [16.0.5] MigrationClient: Connecting to "https://dev.azure.com/AdoMigrateorg"  
[15:26:41 INF] [16.0.5] Access granted to "https://dev.azure.com/AdoMigrateorg" for romyngorg (romyngorg@outlook.com) 
[15:26:41 DBG] [16.0.5] NodeStructureEnricher.MigrateAllNodeStructures(@MigrationTools.Tools.NodeOptions, @MigrationTools.Tools.NodeOptions) 
[15:26:41 DBG] [16.0.5] NodeStructureEnricher.ProcessCommonStructure(Area, Area) 
[15:26:41 DBG] [16.0.5] Source Node Path StartsWith [\testv\area] 
[15:26:42 DBG] [16.0.5] NodeStructureEnricher.GetNewNodeName(Testv\dag Team, Area) 
[15:26:42 DBG] [16.0.5] NodeStructureEnricher.GetNewNodeName::Mappers 
[15:26:42 DBG] [16.0.5] TfsNodeStructureTool:GetOrCreateNode(\dandadan\Area\dag Team, null, null) 
[15:26:42 INF] [16.0.5]  Processing Node: \dandadan\Area\dag Team, start date: null, finish date: null 
[15:26:42 DBG] [16.0.5]   Node \dandadan\Area\dag Team already exists 
[15:26:42 DBG] [16.0.5] NodeStructureEnricher.ProcessCommonStructure(Iteration, Iteration) 
[15:26:42 DBG] [16.0.5] Source Node Path StartsWith [\testv\iteration] 
[15:26:44 DBG] [16.0.5] NodeStructureEnricher.GetNewNodeName(Testv\Sprint 1, Iteration) 
[15:26:44 DBG] [16.0.5] NodeStructureEnricher.GetNewNodeName::Mappers 
[15:26:44 DBG] [16.0.5] TfsNodeStructureTool:GetOrCreateNode(\dandadan\Iteration\Sprint 1, null, null) 
[15:26:44 INF] [16.0.5]  Processing Node: \dandadan\Iteration\Sprint 1, start date: null, finish date: null 
[15:26:44 DBG] [16.0.5]   Node \dandadan\Iteration\Sprint 1 already exists 
[15:26:44 DBG] [16.0.5] TfsWorkItemMigrationClient::GetWorkItemStore("https://dev.azure.com/AdoMigrateorg", "BypassRules") 
[15:26:44 INF] [16.0.5] Work Item Store connected to "https://dev.azure.com/AdoMigrateorg" with BypassRules set to true 
[15:26:45 WRN] [16.0.5] WorkItemMigrationContext::InternalExecute: teamSettingsEnricher is disabled! 
[15:26:45 INF] [16.0.5] Querying items to be migrated: SELECT [System.Id] FROM WorkItems WHERE [System.TeamProject] = @TeamProject ORDER BY [System.ChangedDate] desc ... 
[15:26:45 DBG] [16.0.5] WorkItemQuery: ===========GetWorkItems============= 
[15:26:45 DBG] [16.0.5] TfsWorkItemMigrationClient::GetWorkItemStore("https://newtdevops.duckdns.org/DefaultCollection", "BypassRules") 
[15:26:50 INF] [16.0.5] Work Item Store connected to "https://newtdevops.duckdns.org/DefaultCollection" with BypassRules set to true 
[15:26:50 DBG] [16.0.5] WorkItemQuery: TeamProjectCollection: https://newtdevops.duckdns.org/DefaultCollection 
[15:26:50 DBG] [16.0.5] WorkItemQuery: Query: SELECT [System.Id] FROM WorkItems WHERE [System.TeamProject] = 'Testv' ORDER BY [System.ChangedDate] desc 
[15:26:50 DBG] [16.0.5] WorkItemQuery: Parameters: {"TeamProject":"Testv","ReflectedWorkItemIdField":"Custom.ReflectedWorkItemId"} 
[15:26:50 DBG] [16.0.5] WorkItemQuery: TeamProject: Testv 
[15:26:50 DBG] [16.0.5] WorkItemQuery: ReflectedWorkItemIdField: Custom.ReflectedWorkItemId 
[15:26:50 DBG] [16.0.5] Query sent 
[15:26:50 INF] [16.0.5] 7 Work items received, verifying 
[15:26:52 INF] [16.0.5] Loading 7 Work Items 
[15:27:20 DBG] [16.0.5] 7 Work Items loaded 
[15:27:20 INF] [16.0.5] Replay all revisions of 7 work items? 
[15:27:20 INF] [16.0.5] Validating::Check all Target Work Items have the RefectedWorkItemId field 
[15:27:20 WRN] [16.0.5] ValidatingRequiredField: Test Suite does not contain Custom.ReflectedWorkItemId 
[15:27:20 WRN] [16.0.5] ValidatingRequiredField: Test Plan does not contain Custom.ReflectedWorkItemId 
[15:27:20 DBG] [16.0.5] ValidatingRequiredField: Issue contains Custom.ReflectedWorkItemId 
[15:27:20 DBG] [16.0.5] ValidatingRequiredField: Epic contains Custom.ReflectedWorkItemId 
[15:27:20 DBG] [16.0.5] ValidatingRequiredField: Task contains Custom.ReflectedWorkItemId 
[15:27:20 ERR] [16.0.5] Not all work items in scope contain a valid ReflectedWorkItemId Field! 
Microsoft.TeamFoundation.WorkItemTracking.Client.InvalidFieldValueException: Not all work items in scope contain a valid ReflectedWorkItemId Field!
